\BOOKMARK [1][]{section.2}{1 Who we are}{}% 1
\BOOKMARK [1][]{section.4}{2 Development process}{}% 2
\BOOKMARK [2][]{subsection.5}{2.1 Intended development process}{section.4}% 3
\BOOKMARK [2][]{subsection.6}{2.2 Actual development process}{section.4}% 4
\BOOKMARK [2][]{subsection.7}{2.3 Timeline}{section.4}% 5
\BOOKMARK [1][]{section.8}{3 Requirements}{}% 6
\BOOKMARK [2][]{subsection.9}{3.1 Problem Statement}{section.8}% 7
\BOOKMARK [2][]{subsection.10}{3.2 Requirement elicitation}{section.8}% 8
\BOOKMARK [2][]{subsection.11}{3.3 Requirement specification}{section.8}% 9
\BOOKMARK [1][]{section.12}{4 Architectural design}{}% 10
\BOOKMARK [2][]{subsection.13}{4.1 Overview}{section.12}% 11
\BOOKMARK [2][]{subsection.15}{4.2 Database access layer}{section.12}% 12
\BOOKMARK [2][]{subsection.16}{4.3 Web-framework}{section.12}% 13
\BOOKMARK [2][]{subsection.17}{4.4 Tools for automatic code-generation}{section.12}% 14
\BOOKMARK [2][]{subsection.18}{4.5 Scheduler Algorithm}{section.12}% 15
\BOOKMARK [1][]{section.20}{5 Technologies}{}% 16
\BOOKMARK [2][]{subsection.21}{5.1 Programming languages}{section.20}% 17
\BOOKMARK [2][]{subsection.22}{5.2 Tools}{section.20}% 18
\BOOKMARK [2][]{subsection.23}{5.3 Relational model}{section.20}% 19
\BOOKMARK [1][]{section.24}{6 Implementation}{}% 20
\BOOKMARK [2][]{subsection.25}{6.1 Scheduler}{section.24}% 21
\BOOKMARK [1][]{section.26}{7 Verification and Validation}{}% 22
\BOOKMARK [2][]{subsection.27}{7.1 JUnit}{section.26}% 23
\BOOKMARK [3][]{subsubsection.28}{7.1.1 Scheduler Validitation}{subsection.27}% 24
\BOOKMARK [1][]{section.29}{8 The Application}{}% 25
\BOOKMARK [2][]{subsection.30}{8.1 Usability}{section.29}% 26
\BOOKMARK [1][]{section.31}{9 Outcomes and lessons learned}{}% 27
\BOOKMARK [2][]{subsection.32}{9.1 Outcomes}{section.31}% 28
\BOOKMARK [2][]{subsection.33}{9.2 Lessons learned}{section.31}% 29
\BOOKMARK [1][]{section.34}{10 Conclusion}{}% 30
