08.05.2011 11:17:32 org.apache.catalina.startup.Catalina stopServer
SCHWERWIEGEND: Catalina.stop: 
java.net.ConnectException: Connection refused: connect
	at java.net.PlainSocketImpl.socketConnect(Native Method)
	at java.net.PlainSocketImpl.doConnect(PlainSocketImpl.java:333)
	at java.net.PlainSocketImpl.connectToAddress(PlainSocketImpl.java:195)
	at java.net.PlainSocketImpl.connect(PlainSocketImpl.java:182)
	at java.net.SocksSocketImpl.connect(SocksSocketImpl.java:366)
	at java.net.Socket.connect(Socket.java:529)
	at java.net.Socket.connect(Socket.java:478)
	at java.net.Socket.<init>(Socket.java:375)
	at java.net.Socket.<init>(Socket.java:189)
	at org.apache.catalina.startup.Catalina.stopServer(Catalina.java:408)
	at sun.reflect.NativeMethodAccessorImpl.invoke0(Native Method)
	at sun.reflect.NativeMethodAccessorImpl.invoke(NativeMethodAccessorImpl.java:39)
	at sun.reflect.DelegatingMethodAccessorImpl.invoke(DelegatingMethodAccessorImpl.java:25)
	at java.lang.reflect.Method.invoke(Method.java:597)
	at org.apache.catalina.startup.Bootstrap.stopServer(Bootstrap.java:338)
	at org.apache.catalina.startup.Bootstrap.main(Bootstrap.java:416)
08.05.2011 11:18:12 org.apache.catalina.core.AprLifecycleListener init
INFO: The APR based Apache Tomcat Native library which allows optimal performance in production environments was not found on the java.library.path: C:\Program Files\Java\jdk1.6.0_22\bin;.;C:\Windows\Sun\Java\bin;C:\Windows\system32;C:\Windows;C:\Program Files\Common Files\Microsoft Shared\Windows Live;C:\Program Files (x86)\Common Files\Microsoft Shared\Windows Live;.;C:\Windows\system32;C:\Windows;C:\Windows\System32\Wbem;C:\Windows\System32\WindowsPowerShell\v1.0\;C:\Program Files\TortoiseSVN\bin;C:\Program Files\SlikSvn\bin\;C:\ant\bin\;C:\Program Files\Java\jdk1.6.0_22\bin;C:\cygwin\bin;C:\Program Files (x86)\Windows Live\Shared;C:\Program Files (x86)\Git\cmd;C:\Program Files (x86)\Git\bin;C:/Program Files/Java/jdk1.6.0_22/jre/bin;C:\Program Files (x86)\QuickTime\QTSystem\;C:\texlive\2010\bin\win32
08.05.2011 11:18:13 org.apache.coyote.http11.Http11Protocol init
INFO: Initializing Coyote HTTP/1.1 on http-8080
08.05.2011 11:18:13 org.apache.catalina.startup.Catalina load
INFO: Initialization processed in 1555 ms
08.05.2011 11:18:13 org.apache.catalina.core.StandardService start
INFO: Starting service Catalina
08.05.2011 11:18:13 org.apache.catalina.core.StandardEngine start
INFO: Starting Servlet Engine: Apache Tomcat/6.0.29
08.05.2011 11:18:13 org.apache.catalina.startup.HostConfig deployDescriptor
INFO: Deploying configuration descriptor manager.xml
08.05.2011 11:18:14 org.apache.catalina.startup.HostConfig deployDirectory
INFO: Deploying web application directory ROOT
08.05.2011 11:18:20 org.apache.coyote.http11.Http11Protocol start
INFO: Starting Coyote HTTP/1.1 on http-8080
08.05.2011 11:18:20 org.apache.jk.common.ChannelSocket init
INFO: JK: ajp13 listening on /0.0.0.0:8009
08.05.2011 11:18:20 org.apache.jk.server.JkMain start
INFO: Jk running ID=0 time=0/69  config=null
08.05.2011 11:18:20 org.apache.catalina.startup.Catalina start
INFO: Server startup in 7444 ms
08.05.2011 11:18:43 org.apache.coyote.http11.Http11Protocol pause
INFO: Pausing Coyote HTTP/1.1 on http-8080
08.05.2011 11:18:44 org.apache.catalina.core.StandardService stop
INFO: Stopping service Catalina
08.05.2011 11:18:45 org.apache.catalina.loader.WebappClassLoader clearReferencesJdbc
SCHWERWIEGEND: The web application [] registered the JBDC driver [org.postgresql.Driver] but failed to unregister it when the web application was stopped. To prevent a memory leak, the JDBC Driver has been forcibly unregistered.
08.05.2011 11:18:45 org.apache.coyote.http11.Http11Protocol destroy
INFO: Stopping Coyote HTTP/1.1 on http-8080
08.05.2011 12:11:44 org.apache.catalina.core.AprLifecycleListener init
INFO: The APR based Apache Tomcat Native library which allows optimal performance in production environments was not found on the java.library.path: C:\Program Files\Java\jdk1.6.0_22\bin;.;C:\Windows\Sun\Java\bin;C:\Windows\system32;C:\Windows;C:\Program Files\Common Files\Microsoft Shared\Windows Live;C:\Program Files (x86)\Common Files\Microsoft Shared\Windows Live;.;C:\Windows\system32;C:\Windows;C:\Windows\System32\Wbem;C:\Windows\System32\WindowsPowerShell\v1.0\;C:\Program Files\TortoiseSVN\bin;C:\Program Files\SlikSvn\bin\;C:\ant\bin\;C:\Program Files\Java\jdk1.6.0_22\bin;C:\cygwin\bin;C:\Program Files (x86)\Windows Live\Shared;C:\Program Files (x86)\Git\cmd;C:\Program Files (x86)\Git\bin;C:/Program Files/Java/jdk1.6.0_22/jre/bin;C:\Program Files (x86)\QuickTime\QTSystem\;C:\texlive\2010\bin\win32
08.05.2011 12:11:44 org.apache.coyote.http11.Http11Protocol init
INFO: Initializing Coyote HTTP/1.1 on http-8080
08.05.2011 12:11:44 org.apache.catalina.startup.Catalina load
INFO: Initialization processed in 438 ms
08.05.2011 12:11:44 org.apache.catalina.core.StandardService start
INFO: Starting service Catalina
08.05.2011 12:11:44 org.apache.catalina.core.StandardEngine start
INFO: Starting Servlet Engine: Apache Tomcat/6.0.29
08.05.2011 12:11:44 org.apache.catalina.startup.HostConfig deployDescriptor
INFO: Deploying configuration descriptor manager.xml
08.05.2011 12:11:44 org.apache.catalina.startup.HostConfig deployDirectory
INFO: Deploying web application directory ROOT
08.05.2011 12:11:47 org.apache.coyote.http11.Http11Protocol start
INFO: Starting Coyote HTTP/1.1 on http-8080
08.05.2011 12:11:47 org.apache.jk.common.ChannelSocket init
INFO: JK: ajp13 listening on /0.0.0.0:8009
08.05.2011 12:11:47 org.apache.jk.server.JkMain start
INFO: Jk running ID=0 time=0/15  config=null
08.05.2011 12:11:47 org.apache.catalina.startup.Catalina start
INFO: Server startup in 3103 ms
08.05.2011 12:22:43 org.apache.catalina.core.AprLifecycleListener init
INFO: The APR based Apache Tomcat Native library which allows optimal performance in production environments was not found on the java.library.path: C:\Program Files\Java\jdk1.6.0_22\bin;.;C:\Windows\Sun\Java\bin;C:\Windows\system32;C:\Windows;C:\Program Files\Common Files\Microsoft Shared\Windows Live;C:\Program Files (x86)\Common Files\Microsoft Shared\Windows Live;.;C:\Windows\system32;C:\Windows;C:\Windows\System32\Wbem;C:\Windows\System32\WindowsPowerShell\v1.0\;C:\Program Files\TortoiseSVN\bin;C:\Program Files\SlikSvn\bin\;C:\ant\bin\;C:\Program Files\Java\jdk1.6.0_22\bin;C:\cygwin\bin;C:\Program Files (x86)\Windows Live\Shared;C:\Program Files (x86)\Git\cmd;C:\Program Files (x86)\Git\bin;C:/Program Files/Java/jdk1.6.0_22/jre/bin;C:\Program Files (x86)\QuickTime\QTSystem\;C:\texlive\2010\bin\win32
08.05.2011 12:22:43 org.apache.coyote.http11.Http11Protocol init
INFO: Initializing Coyote HTTP/1.1 on http-8080
08.05.2011 12:22:43 org.apache.catalina.startup.Catalina load
INFO: Initialization processed in 345 ms
08.05.2011 12:22:43 org.apache.catalina.core.StandardService start
INFO: Starting service Catalina
08.05.2011 12:22:43 org.apache.catalina.core.StandardEngine start
INFO: Starting Servlet Engine: Apache Tomcat/6.0.29
08.05.2011 12:22:43 org.apache.catalina.startup.HostConfig deployDescriptor
INFO: Deploying configuration descriptor manager.xml
08.05.2011 12:22:43 org.apache.catalina.startup.HostConfig deployDirectory
INFO: Deploying web application directory ROOT
08.05.2011 12:22:46 org.apache.coyote.http11.Http11Protocol start
INFO: Starting Coyote HTTP/1.1 on http-8080
08.05.2011 12:22:46 org.apache.jk.common.ChannelSocket init
INFO: JK: ajp13 listening on /0.0.0.0:8009
08.05.2011 12:22:46 org.apache.jk.server.JkMain start
INFO: Jk running ID=0 time=0/54  config=null
08.05.2011 12:22:46 org.apache.catalina.startup.Catalina start
INFO: Server startup in 2427 ms
08.05.2011 12:30:48 org.apache.catalina.core.AprLifecycleListener init
INFO: The APR based Apache Tomcat Native library which allows optimal performance in production environments was not found on the java.library.path: C:\Program Files\Java\jdk1.6.0_22\bin;.;C:\Windows\Sun\Java\bin;C:\Windows\system32;C:\Windows;C:\Program Files\Common Files\Microsoft Shared\Windows Live;C:\Program Files (x86)\Common Files\Microsoft Shared\Windows Live;.;C:\Windows\system32;C:\Windows;C:\Windows\System32\Wbem;C:\Windows\System32\WindowsPowerShell\v1.0\;C:\Program Files\TortoiseSVN\bin;C:\Program Files\SlikSvn\bin\;C:\ant\bin\;C:\Program Files\Java\jdk1.6.0_22\bin;C:\cygwin\bin;C:\Program Files (x86)\Windows Live\Shared;C:\Program Files (x86)\Git\cmd;C:\Program Files (x86)\Git\bin;C:/Program Files/Java/jdk1.6.0_22/jre/bin;C:\Program Files (x86)\QuickTime\QTSystem\;C:\texlive\2010\bin\win32
08.05.2011 12:30:48 org.apache.coyote.http11.Http11Protocol init
INFO: Initializing Coyote HTTP/1.1 on http-8080
08.05.2011 12:30:48 org.apache.catalina.startup.Catalina load
INFO: Initialization processed in 518 ms
08.05.2011 12:30:48 org.apache.catalina.core.StandardService start
INFO: Starting service Catalina
08.05.2011 12:30:48 org.apache.catalina.core.StandardEngine start
INFO: Starting Servlet Engine: Apache Tomcat/6.0.29
08.05.2011 12:30:48 org.apache.catalina.startup.HostConfig deployDescriptor
INFO: Deploying configuration descriptor manager.xml
08.05.2011 12:30:48 org.apache.catalina.startup.HostConfig deployDirectory
INFO: Deploying web application directory ROOT
08.05.2011 12:30:50 org.apache.coyote.http11.Http11Protocol start
INFO: Starting Coyote HTTP/1.1 on http-8080
08.05.2011 12:30:50 org.apache.jk.common.ChannelSocket init
INFO: JK: ajp13 listening on /0.0.0.0:8009
08.05.2011 12:30:50 org.apache.jk.server.JkMain start
INFO: Jk running ID=0 time=0/48  config=null
08.05.2011 12:30:50 org.apache.catalina.startup.Catalina start
INFO: Server startup in 2048 ms
