Feb 22, 2011 5:14:12 PM org.apache.catalina.core.AprLifecycleListener init
INFO: The APR based Apache Tomcat Native library which allows optimal performance in production environments was not found on the java.library.path: .:/Library/Java/Extensions:/System/Library/Java/Extensions:/usr/lib/java
Feb 22, 2011 5:14:13 PM org.apache.coyote.http11.Http11Protocol init
INFO: Initializing Coyote HTTP/1.1 on http-8080
Feb 22, 2011 5:14:13 PM org.apache.catalina.startup.Catalina load
INFO: Initialization processed in 1056 ms
Feb 22, 2011 5:14:13 PM org.apache.catalina.core.StandardService start
INFO: Starting service Catalina
Feb 22, 2011 5:14:13 PM org.apache.catalina.core.StandardEngine start
INFO: Starting Servlet Engine: Apache Tomcat/6.0.29
Feb 22, 2011 5:14:13 PM org.apache.catalina.startup.HostConfig deployDescriptor
INFO: Deploying configuration descriptor manager.xml
Feb 22, 2011 5:14:14 PM org.apache.catalina.startup.HostConfig deployDirectory
INFO: Deploying web application directory ROOT
Feb 22, 2011 5:14:15 PM org.apache.coyote.http11.Http11Protocol start
INFO: Starting Coyote HTTP/1.1 on http-8080
Feb 22, 2011 5:14:15 PM org.apache.jk.common.ChannelSocket init
INFO: JK: ajp13 listening on /0.0.0.0:8009
Feb 22, 2011 5:14:15 PM org.apache.jk.server.JkMain start
INFO: Jk running ID=0 time=0/25  config=null
Feb 22, 2011 5:14:16 PM org.apache.catalina.startup.Catalina start
INFO: Server startup in 2663 ms
Feb 22, 2011 9:33:15 PM org.apache.coyote.http11.Http11Protocol pause
INFO: Pausing Coyote HTTP/1.1 on http-8080
Feb 22, 2011 9:33:16 PM org.apache.catalina.core.StandardService stop
INFO: Stopping service Catalina
Feb 22, 2011 9:33:17 PM org.apache.catalina.loader.WebappClassLoader clearReferencesJdbc
SEVERE: The web application [] registered the JBDC driver [org.postgresql.Driver] but failed to unregister it when the web application was stopped. To prevent a memory leak, the JDBC Driver has been forcibly unregistered.
Feb 22, 2011 9:33:18 PM org.apache.catalina.loader.WebappClassLoader clearReferencesThreads
SEVERE: The web application [/manager] appears to have started a thread named [Poller SunPKCS11-Darwin] but has failed to stop it. This is very likely to create a memory leak.
Feb 22, 2011 9:33:18 PM org.apache.coyote.http11.Http11Protocol destroy
INFO: Stopping Coyote HTTP/1.1 on http-8080
Feb 22, 2011 9:34:08 PM org.apache.catalina.core.AprLifecycleListener init
INFO: The APR based Apache Tomcat Native library which allows optimal performance in production environments was not found on the java.library.path: .:/Library/Java/Extensions:/System/Library/Java/Extensions:/usr/lib/java
Feb 22, 2011 9:34:09 PM org.apache.coyote.http11.Http11Protocol init
INFO: Initializing Coyote HTTP/1.1 on http-8080
Feb 22, 2011 9:34:09 PM org.apache.catalina.startup.Catalina load
INFO: Initialization processed in 1258 ms
Feb 22, 2011 9:34:09 PM org.apache.catalina.core.StandardService start
INFO: Starting service Catalina
Feb 22, 2011 9:34:09 PM org.apache.catalina.core.StandardEngine start
INFO: Starting Servlet Engine: Apache Tomcat/6.0.29
Feb 22, 2011 9:34:09 PM org.apache.catalina.startup.HostConfig deployDescriptor
INFO: Deploying configuration descriptor manager.xml
Feb 22, 2011 9:34:10 PM org.apache.catalina.startup.HostConfig deployDirectory
INFO: Deploying web application directory ROOT
Feb 22, 2011 9:34:13 PM org.apache.coyote.http11.Http11Protocol start
INFO: Starting Coyote HTTP/1.1 on http-8080
Feb 22, 2011 9:34:13 PM org.apache.jk.common.ChannelSocket init
INFO: JK: ajp13 listening on /0.0.0.0:8009
Feb 22, 2011 9:34:13 PM org.apache.jk.server.JkMain start
INFO: Jk running ID=0 time=0/57  config=null
Feb 22, 2011 9:34:13 PM org.apache.catalina.startup.Catalina start
INFO: Server startup in 4434 ms
Feb 22, 2011 11:25:57 PM org.apache.coyote.http11.Http11Protocol pause
INFO: Pausing Coyote HTTP/1.1 on http-8080
Feb 22, 2011 11:25:58 PM org.apache.catalina.core.StandardService stop
INFO: Stopping service Catalina
Feb 22, 2011 11:25:58 PM org.apache.catalina.loader.WebappClassLoader clearReferencesJdbc
SEVERE: The web application [] registered the JBDC driver [org.postgresql.Driver] but failed to unregister it when the web application was stopped. To prevent a memory leak, the JDBC Driver has been forcibly unregistered.
