Feb 4, 2011 1:25:23 PM org.apache.catalina.core.AprLifecycleListener init
INFO: The APR based Apache Tomcat Native library which allows optimal performance in production environments was not found on the java.library.path: .:/Library/Java/Extensions:/System/Library/Java/Extensions:/usr/lib/java
Feb 4, 2011 1:25:23 PM org.apache.coyote.http11.Http11Protocol init
INFO: Initializing Coyote HTTP/1.1 on http-8080
Feb 4, 2011 1:25:23 PM org.apache.catalina.startup.Catalina load
INFO: Initialization processed in 1076 ms
Feb 4, 2011 1:25:23 PM org.apache.catalina.core.StandardService start
INFO: Starting service Catalina
Feb 4, 2011 1:25:23 PM org.apache.catalina.core.StandardEngine start
INFO: Starting Servlet Engine: Apache Tomcat/6.0.29
Feb 4, 2011 1:25:23 PM org.apache.catalina.startup.HostConfig deployDescriptor
INFO: Deploying configuration descriptor manager.xml
Feb 4, 2011 1:25:24 PM org.apache.catalina.startup.HostConfig deployWAR
INFO: Deploying web application archive quiz.war
Feb 4, 2011 1:25:24 PM org.apache.catalina.startup.HostConfig deployDirectory
INFO: Deploying web application directory ROOT
Feb 4, 2011 1:25:37 PM org.apache.coyote.http11.Http11Protocol start
INFO: Starting Coyote HTTP/1.1 on http-8080
Feb 4, 2011 1:25:37 PM org.apache.jk.common.ChannelSocket init
INFO: JK: ajp13 listening on /0.0.0.0:8009
Feb 4, 2011 1:25:37 PM org.apache.jk.server.JkMain start
INFO: Jk running ID=0 time=0/18  config=null
Feb 4, 2011 1:25:37 PM org.apache.catalina.startup.Catalina start
INFO: Server startup in 13635 ms
Feb 4, 2011 1:35:26 PM org.apache.coyote.http11.Http11Protocol pause
INFO: Pausing Coyote HTTP/1.1 on http-8080
Feb 4, 2011 1:35:27 PM org.apache.catalina.core.StandardService stop
INFO: Stopping service Catalina
Feb 4, 2011 1:35:27 PM org.apache.catalina.loader.WebappClassLoader clearReferencesThreads
SEVERE: The web application [] appears to have started a thread named [Thread-15] but has failed to stop it. This is very likely to create a memory leak.
Feb 4, 2011 1:35:28 PM org.apache.catalina.loader.WebappClassLoader clearReferencesThreads
SEVERE: The web application [/manager] appears to have started a thread named [Poller SunPKCS11-Darwin] but has failed to stop it. This is very likely to create a memory leak.
Feb 4, 2011 1:35:28 PM org.apache.coyote.http11.Http11Protocol destroy
INFO: Stopping Coyote HTTP/1.1 on http-8080
Feb 4, 2011 1:53:10 PM org.apache.catalina.core.AprLifecycleListener init
INFO: The APR based Apache Tomcat Native library which allows optimal performance in production environments was not found on the java.library.path: .:/Library/Java/Extensions:/System/Library/Java/Extensions:/usr/lib/java
Feb 4, 2011 1:53:11 PM org.apache.coyote.http11.Http11Protocol init
INFO: Initializing Coyote HTTP/1.1 on http-8080
Feb 4, 2011 1:53:11 PM org.apache.catalina.startup.Catalina load
INFO: Initialization processed in 913 ms
Feb 4, 2011 1:53:11 PM org.apache.catalina.core.StandardService start
INFO: Starting service Catalina
Feb 4, 2011 1:53:11 PM org.apache.catalina.core.StandardEngine start
INFO: Starting Servlet Engine: Apache Tomcat/6.0.29
Feb 4, 2011 1:53:11 PM org.apache.catalina.startup.HostConfig deployDescriptor
INFO: Deploying configuration descriptor manager.xml
Feb 4, 2011 1:53:11 PM org.apache.catalina.startup.HostConfig deployWAR
INFO: Deploying web application archive quiz.war
Feb 4, 2011 1:53:11 PM org.apache.catalina.startup.HostConfig deployDirectory
INFO: Deploying web application directory ROOT
Feb 4, 2011 1:53:27 PM org.apache.coyote.http11.Http11Protocol start
INFO: Starting Coyote HTTP/1.1 on http-8080
Feb 4, 2011 1:53:27 PM org.apache.jk.common.ChannelSocket init
INFO: JK: ajp13 listening on /0.0.0.0:8009
Feb 4, 2011 1:53:27 PM org.apache.jk.server.JkMain start
INFO: Jk running ID=0 time=0/17  config=null
Feb 4, 2011 1:53:27 PM org.apache.catalina.startup.Catalina start
INFO: Server startup in 16018 ms
Feb 4, 2011 1:54:22 PM org.apache.coyote.http11.Http11Protocol pause
INFO: Pausing Coyote HTTP/1.1 on http-8080
Feb 4, 2011 1:54:23 PM org.apache.catalina.core.StandardService stop
INFO: Stopping service Catalina
Feb 4, 2011 1:54:23 PM org.apache.catalina.loader.WebappClassLoader clearReferencesJdbc
SEVERE: The web application [] registered the JBDC driver [org.postgresql.Driver] but failed to unregister it when the web application was stopped. To prevent a memory leak, the JDBC Driver has been forcibly unregistered.
Feb 4, 2011 1:54:24 PM org.apache.catalina.loader.WebappClassLoader clearReferencesThreads
SEVERE: The web application [/manager] appears to have started a thread named [Poller SunPKCS11-Darwin] but has failed to stop it. This is very likely to create a memory leak.
Feb 4, 2011 1:54:24 PM org.apache.coyote.http11.Http11Protocol destroy
INFO: Stopping Coyote HTTP/1.1 on http-8080
Feb 4, 2011 1:54:25 PM org.apache.catalina.core.AprLifecycleListener init
INFO: The APR based Apache Tomcat Native library which allows optimal performance in production environments was not found on the java.library.path: .:/Library/Java/Extensions:/System/Library/Java/Extensions:/usr/lib/java
Feb 4, 2011 1:54:25 PM org.apache.coyote.http11.Http11Protocol init
INFO: Initializing Coyote HTTP/1.1 on http-8080
Feb 4, 2011 1:54:25 PM org.apache.catalina.startup.Catalina load
INFO: Initialization processed in 740 ms
Feb 4, 2011 1:54:25 PM org.apache.catalina.core.StandardService start
INFO: Starting service Catalina
Feb 4, 2011 1:54:25 PM org.apache.catalina.core.StandardEngine start
INFO: Starting Servlet Engine: Apache Tomcat/6.0.29
Feb 4, 2011 1:54:25 PM org.apache.catalina.startup.HostConfig deployDescriptor
INFO: Deploying configuration descriptor manager.xml
Feb 4, 2011 1:54:26 PM org.apache.catalina.startup.HostConfig deployWAR
INFO: Deploying web application archive quiz.war
Feb 4, 2011 1:54:26 PM org.apache.catalina.startup.HostConfig deployDirectory
INFO: Deploying web application directory ROOT
Feb 4, 2011 1:54:41 PM org.apache.coyote.http11.Http11Protocol start
INFO: Starting Coyote HTTP/1.1 on http-8080
Feb 4, 2011 1:54:41 PM org.apache.jk.common.ChannelSocket init
INFO: JK: ajp13 listening on /0.0.0.0:8009
Feb 4, 2011 1:54:41 PM org.apache.jk.server.JkMain start
INFO: Jk running ID=0 time=0/37  config=null
Feb 4, 2011 1:54:41 PM org.apache.catalina.startup.Catalina start
INFO: Server startup in 15500 ms
Feb 4, 2011 3:57:05 PM org.apache.coyote.http11.Http11Protocol pause
INFO: Pausing Coyote HTTP/1.1 on http-8080
Feb 4, 2011 3:57:06 PM org.apache.catalina.core.StandardService stop
INFO: Stopping service Catalina
Feb 4, 2011 3:57:07 PM org.apache.catalina.loader.WebappClassLoader clearReferencesJdbc
SEVERE: The web application [] registered the JBDC driver [org.postgresql.Driver] but failed to unregister it when the web application was stopped. To prevent a memory leak, the JDBC Driver has been forcibly unregistered.
Feb 4, 2011 3:57:10 PM org.apache.catalina.loader.WebappClassLoader clearReferencesThreads
SEVERE: The web application [/manager] appears to have started a thread named [Poller SunPKCS11-Darwin] but has failed to stop it. This is very likely to create a memory leak.
Feb 4, 2011 3:57:10 PM org.apache.coyote.http11.Http11Protocol destroy
INFO: Stopping Coyote HTTP/1.1 on http-8080
Feb 4, 2011 5:53:02 PM org.apache.catalina.core.AprLifecycleListener init
INFO: The APR based Apache Tomcat Native library which allows optimal performance in production environments was not found on the java.library.path: .:/Library/Java/Extensions:/System/Library/Java/Extensions:/usr/lib/java
Feb 4, 2011 5:53:03 PM org.apache.coyote.http11.Http11Protocol init
INFO: Initializing Coyote HTTP/1.1 on http-8080
Feb 4, 2011 5:53:03 PM org.apache.catalina.startup.Catalina load
INFO: Initialization processed in 1057 ms
Feb 4, 2011 5:53:03 PM org.apache.catalina.core.StandardService start
INFO: Starting service Catalina
Feb 4, 2011 5:53:03 PM org.apache.catalina.core.StandardEngine start
INFO: Starting Servlet Engine: Apache Tomcat/6.0.29
Feb 4, 2011 5:53:03 PM org.apache.catalina.startup.HostConfig deployDescriptor
INFO: Deploying configuration descriptor manager.xml
Feb 4, 2011 5:53:03 PM org.apache.catalina.startup.HostConfig deployWAR
INFO: Deploying web application archive quiz.war
Feb 4, 2011 5:53:03 PM org.apache.catalina.startup.HostConfig deployDirectory
INFO: Deploying web application directory ROOT
Feb 4, 2011 5:53:04 PM org.apache.coyote.http11.Http11Protocol start
INFO: Starting Coyote HTTP/1.1 on http-8080
Feb 4, 2011 5:53:04 PM org.apache.jk.common.ChannelSocket init
INFO: JK: ajp13 listening on /0.0.0.0:8009
Feb 4, 2011 5:53:04 PM org.apache.jk.server.JkMain start
INFO: Jk running ID=0 time=0/31  config=null
Feb 4, 2011 5:53:04 PM org.apache.catalina.startup.Catalina start
INFO: Server startup in 1132 ms
Feb 4, 2011 5:54:05 PM org.apache.coyote.http11.Http11Protocol pause
INFO: Pausing Coyote HTTP/1.1 on http-8080
Feb 4, 2011 5:54:06 PM org.apache.catalina.core.StandardService stop
INFO: Stopping service Catalina
Feb 4, 2011 5:54:06 PM org.apache.catalina.loader.WebappClassLoader clearReferencesJdbc
SEVERE: The web application [] registered the JBDC driver [org.postgresql.Driver] but failed to unregister it when the web application was stopped. To prevent a memory leak, the JDBC Driver has been forcibly unregistered.
Feb 4, 2011 5:54:06 PM org.apache.catalina.loader.WebappClassLoader clearReferencesThreads
SEVERE: The web application [/manager] appears to have started a thread named [Poller SunPKCS11-Darwin] but has failed to stop it. This is very likely to create a memory leak.
Feb 4, 2011 5:54:06 PM org.apache.coyote.http11.Http11Protocol destroy
INFO: Stopping Coyote HTTP/1.1 on http-8080
Feb 4, 2011 5:54:08 PM org.apache.catalina.core.AprLifecycleListener init
INFO: The APR based Apache Tomcat Native library which allows optimal performance in production environments was not found on the java.library.path: .:/Library/Java/Extensions:/System/Library/Java/Extensions:/usr/lib/java
Feb 4, 2011 5:54:08 PM org.apache.coyote.http11.Http11Protocol init
INFO: Initializing Coyote HTTP/1.1 on http-8080
Feb 4, 2011 5:54:08 PM org.apache.catalina.startup.Catalina load
INFO: Initialization processed in 699 ms
Feb 4, 2011 5:54:08 PM org.apache.catalina.core.StandardService start
INFO: Starting service Catalina
Feb 4, 2011 5:54:08 PM org.apache.catalina.core.StandardEngine start
INFO: Starting Servlet Engine: Apache Tomcat/6.0.29
Feb 4, 2011 5:54:08 PM org.apache.catalina.startup.HostConfig deployDescriptor
INFO: Deploying configuration descriptor manager.xml
Feb 4, 2011 5:54:09 PM org.apache.catalina.startup.HostConfig deployWAR
INFO: Deploying web application archive quiz.war
Feb 4, 2011 5:54:09 PM org.apache.catalina.startup.HostConfig deployDirectory
INFO: Deploying web application directory ROOT
Feb 4, 2011 5:54:09 PM org.apache.coyote.http11.Http11Protocol start
INFO: Starting Coyote HTTP/1.1 on http-8080
Feb 4, 2011 5:54:09 PM org.apache.jk.common.ChannelSocket init
INFO: JK: ajp13 listening on /0.0.0.0:8009
Feb 4, 2011 5:54:09 PM org.apache.jk.server.JkMain start
INFO: Jk running ID=0 time=0/18  config=null
Feb 4, 2011 5:54:09 PM org.apache.catalina.startup.Catalina start
INFO: Server startup in 945 ms
Feb 4, 2011 5:55:59 PM org.apache.catalina.startup.HostConfig checkResources
INFO: Reloading context []
Feb 4, 2011 5:55:59 PM org.apache.catalina.loader.WebappClassLoader clearReferencesJdbc
SEVERE: The web application [] registered the JBDC driver [org.postgresql.Driver] but failed to unregister it when the web application was stopped. To prevent a memory leak, the JDBC Driver has been forcibly unregistered.
Feb 4, 2011 5:56:00 PM org.apache.coyote.http11.Http11Protocol pause
INFO: Pausing Coyote HTTP/1.1 on http-8080
Feb 4, 2011 5:56:01 PM org.apache.catalina.core.StandardService stop
INFO: Stopping service Catalina
Feb 4, 2011 5:56:01 PM org.apache.catalina.loader.WebappClassLoader clearReferencesThreads
SEVERE: The web application [/manager] appears to have started a thread named [Poller SunPKCS11-Darwin] but has failed to stop it. This is very likely to create a memory leak.
Feb 4, 2011 5:56:01 PM org.apache.coyote.http11.Http11Protocol destroy
INFO: Stopping Coyote HTTP/1.1 on http-8080
Feb 4, 2011 5:56:03 PM org.apache.catalina.core.AprLifecycleListener init
INFO: The APR based Apache Tomcat Native library which allows optimal performance in production environments was not found on the java.library.path: .:/Library/Java/Extensions:/System/Library/Java/Extensions:/usr/lib/java
Feb 4, 2011 5:56:03 PM org.apache.coyote.http11.Http11Protocol init
INFO: Initializing Coyote HTTP/1.1 on http-8080
Feb 4, 2011 5:56:03 PM org.apache.catalina.startup.Catalina load
INFO: Initialization processed in 707 ms
Feb 4, 2011 5:56:03 PM org.apache.catalina.core.StandardService start
INFO: Starting service Catalina
Feb 4, 2011 5:56:03 PM org.apache.catalina.core.StandardEngine start
INFO: Starting Servlet Engine: Apache Tomcat/6.0.29
Feb 4, 2011 5:56:03 PM org.apache.catalina.startup.HostConfig deployDescriptor
INFO: Deploying configuration descriptor manager.xml
Feb 4, 2011 5:56:04 PM org.apache.catalina.startup.HostConfig deployWAR
INFO: Deploying web application archive quiz.war
Feb 4, 2011 5:56:04 PM org.apache.catalina.startup.HostConfig deployDirectory
INFO: Deploying web application directory ROOT
Feb 4, 2011 5:56:04 PM org.apache.coyote.http11.Http11Protocol start
INFO: Starting Coyote HTTP/1.1 on http-8080
Feb 4, 2011 5:56:04 PM org.apache.jk.common.ChannelSocket init
INFO: JK: ajp13 listening on /0.0.0.0:8009
Feb 4, 2011 5:56:04 PM org.apache.jk.server.JkMain start
INFO: Jk running ID=0 time=0/17  config=null
Feb 4, 2011 5:56:04 PM org.apache.catalina.startup.Catalina start
INFO: Server startup in 818 ms
Feb 4, 2011 6:00:58 PM org.apache.coyote.http11.Http11Protocol pause
INFO: Pausing Coyote HTTP/1.1 on http-8080
Feb 4, 2011 6:00:59 PM org.apache.catalina.core.StandardService stop
INFO: Stopping service Catalina
Feb 4, 2011 6:00:59 PM org.apache.catalina.loader.WebappClassLoader clearReferencesJdbc
SEVERE: The web application [] registered the JBDC driver [org.postgresql.Driver] but failed to unregister it when the web application was stopped. To prevent a memory leak, the JDBC Driver has been forcibly unregistered.
Feb 4, 2011 6:00:59 PM org.apache.catalina.loader.WebappClassLoader clearReferencesThreads
SEVERE: The web application [/manager] appears to have started a thread named [Poller SunPKCS11-Darwin] but has failed to stop it. This is very likely to create a memory leak.
Feb 4, 2011 6:00:59 PM org.apache.coyote.http11.Http11Protocol destroy
INFO: Stopping Coyote HTTP/1.1 on http-8080
Feb 4, 2011 6:01:01 PM org.apache.catalina.core.AprLifecycleListener init
INFO: The APR based Apache Tomcat Native library which allows optimal performance in production environments was not found on the java.library.path: .:/Library/Java/Extensions:/System/Library/Java/Extensions:/usr/lib/java
Feb 4, 2011 6:01:01 PM org.apache.coyote.http11.Http11Protocol init
INFO: Initializing Coyote HTTP/1.1 on http-8080
Feb 4, 2011 6:01:01 PM org.apache.catalina.startup.Catalina load
INFO: Initialization processed in 919 ms
Feb 4, 2011 6:01:01 PM org.apache.catalina.core.StandardService start
INFO: Starting service Catalina
Feb 4, 2011 6:01:01 PM org.apache.catalina.core.StandardEngine start
INFO: Starting Servlet Engine: Apache Tomcat/6.0.29
Feb 4, 2011 6:01:01 PM org.apache.catalina.startup.HostConfig deployDescriptor
INFO: Deploying configuration descriptor manager.xml
Feb 4, 2011 6:01:02 PM org.apache.catalina.startup.HostConfig deployWAR
INFO: Deploying web application archive quiz.war
Feb 4, 2011 6:01:02 PM org.apache.catalina.startup.HostConfig deployDirectory
INFO: Deploying web application directory ROOT
Feb 4, 2011 6:01:02 PM org.apache.coyote.http11.Http11Protocol start
INFO: Starting Coyote HTTP/1.1 on http-8080
Feb 4, 2011 6:01:02 PM org.apache.jk.common.ChannelSocket init
INFO: JK: ajp13 listening on /0.0.0.0:8009
Feb 4, 2011 6:01:02 PM org.apache.jk.server.JkMain start
INFO: Jk running ID=0 time=0/18  config=null
Feb 4, 2011 6:01:02 PM org.apache.catalina.startup.Catalina start
INFO: Server startup in 783 ms
Feb 4, 2011 6:01:22 PM org.apache.catalina.startup.HostConfig checkResources
INFO: Reloading context []
Feb 4, 2011 6:01:22 PM org.apache.catalina.loader.WebappClassLoader clearReferencesJdbc
SEVERE: The web application [] registered the JBDC driver [org.postgresql.Driver] but failed to unregister it when the web application was stopped. To prevent a memory leak, the JDBC Driver has been forcibly unregistered.
Feb 4, 2011 6:01:23 PM org.apache.coyote.http11.Http11Protocol pause
INFO: Pausing Coyote HTTP/1.1 on http-8080
Feb 4, 2011 6:01:24 PM org.apache.catalina.core.StandardService stop
INFO: Stopping service Catalina
Feb 4, 2011 6:01:24 PM org.apache.catalina.loader.WebappClassLoader clearReferencesThreads
SEVERE: The web application [/manager] appears to have started a thread named [Poller SunPKCS11-Darwin] but has failed to stop it. This is very likely to create a memory leak.
Feb 4, 2011 6:01:24 PM org.apache.coyote.http11.Http11Protocol destroy
INFO: Stopping Coyote HTTP/1.1 on http-8080
Feb 4, 2011 6:01:25 PM org.apache.catalina.core.AprLifecycleListener init
INFO: The APR based Apache Tomcat Native library which allows optimal performance in production environments was not found on the java.library.path: .:/Library/Java/Extensions:/System/Library/Java/Extensions:/usr/lib/java
Feb 4, 2011 6:01:25 PM org.apache.coyote.http11.Http11Protocol init
INFO: Initializing Coyote HTTP/1.1 on http-8080
Feb 4, 2011 6:01:25 PM org.apache.catalina.startup.Catalina load
INFO: Initialization processed in 741 ms
Feb 4, 2011 6:01:25 PM org.apache.catalina.core.StandardService start
INFO: Starting service Catalina
Feb 4, 2011 6:01:25 PM org.apache.catalina.core.StandardEngine start
INFO: Starting Servlet Engine: Apache Tomcat/6.0.29
Feb 4, 2011 6:01:25 PM org.apache.catalina.startup.HostConfig deployDescriptor
INFO: Deploying configuration descriptor manager.xml
Feb 4, 2011 6:01:26 PM org.apache.catalina.startup.HostConfig deployWAR
INFO: Deploying web application archive quiz.war
Feb 4, 2011 6:01:26 PM org.apache.catalina.startup.HostConfig deployDirectory
INFO: Deploying web application directory ROOT
Feb 4, 2011 6:01:26 PM org.apache.coyote.http11.Http11Protocol start
INFO: Starting Coyote HTTP/1.1 on http-8080
Feb 4, 2011 6:01:26 PM org.apache.jk.common.ChannelSocket init
INFO: JK: ajp13 listening on /0.0.0.0:8009
Feb 4, 2011 6:01:26 PM org.apache.jk.server.JkMain start
INFO: Jk running ID=0 time=0/23  config=null
Feb 4, 2011 6:01:26 PM org.apache.catalina.startup.Catalina start
INFO: Server startup in 854 ms
Feb 4, 2011 6:02:26 PM org.apache.catalina.startup.HostConfig checkResources
INFO: Reloading context []
Feb 4, 2011 6:02:26 PM org.apache.catalina.loader.WebappClassLoader clearReferencesJdbc
SEVERE: The web application [] registered the JBDC driver [org.postgresql.Driver] but failed to unregister it when the web application was stopped. To prevent a memory leak, the JDBC Driver has been forcibly unregistered.
Feb 4, 2011 6:02:26 PM org.apache.coyote.http11.Http11Protocol pause
INFO: Pausing Coyote HTTP/1.1 on http-8080
Feb 4, 2011 6:02:27 PM org.apache.catalina.core.StandardService stop
INFO: Stopping service Catalina
Feb 4, 2011 6:02:39 PM org.apache.catalina.core.AprLifecycleListener init
INFO: The APR based Apache Tomcat Native library which allows optimal performance in production environments was not found on the java.library.path: .:/Library/Java/Extensions:/System/Library/Java/Extensions:/usr/lib/java
Feb 4, 2011 6:02:39 PM org.apache.coyote.http11.Http11Protocol init
SEVERE: Error initializing endpoint
java.net.BindException: Address already in use <null>:8080
	at org.apache.tomcat.util.net.JIoEndpoint.init(JIoEndpoint.java:549)
	at org.apache.coyote.http11.Http11Protocol.init(Http11Protocol.java:176)
	at org.apache.catalina.connector.Connector.initialize(Connector.java:1014)
	at org.apache.catalina.core.StandardService.initialize(StandardService.java:680)
	at org.apache.catalina.core.StandardServer.initialize(StandardServer.java:795)
	at org.apache.catalina.startup.Catalina.load(Catalina.java:524)
	at org.apache.catalina.startup.Catalina.load(Catalina.java:548)
	at sun.reflect.NativeMethodAccessorImpl.invoke0(Native Method)
	at sun.reflect.NativeMethodAccessorImpl.invoke(NativeMethodAccessorImpl.java:39)
	at sun.reflect.DelegatingMethodAccessorImpl.invoke(DelegatingMethodAccessorImpl.java:25)
	at java.lang.reflect.Method.invoke(Method.java:597)
	at org.apache.catalina.startup.Bootstrap.load(Bootstrap.java:261)
	at org.apache.catalina.startup.Bootstrap.main(Bootstrap.java:413)
Caused by: java.net.BindException: Address already in use
	at java.net.PlainSocketImpl.socketBind(Native Method)
	at java.net.PlainSocketImpl.bind(PlainSocketImpl.java:365)
	at java.net.ServerSocket.bind(ServerSocket.java:319)
	at java.net.ServerSocket.<init>(ServerSocket.java:185)
	at java.net.ServerSocket.<init>(ServerSocket.java:141)
	at org.apache.tomcat.util.net.DefaultServerSocketFactory.createSocket(DefaultServerSocketFactory.java:50)
	at org.apache.tomcat.util.net.JIoEndpoint.init(JIoEndpoint.java:538)
	... 12 more
Feb 4, 2011 6:02:39 PM org.apache.catalina.startup.Catalina load
SEVERE: Catalina.start
LifecycleException:  Protocol handler initialization failed: java.net.BindException: Address already in use <null>:8080
	at org.apache.catalina.connector.Connector.initialize(Connector.java:1016)
	at org.apache.catalina.core.StandardService.initialize(StandardService.java:680)
	at org.apache.catalina.core.StandardServer.initialize(StandardServer.java:795)
	at org.apache.catalina.startup.Catalina.load(Catalina.java:524)
	at org.apache.catalina.startup.Catalina.load(Catalina.java:548)
	at sun.reflect.NativeMethodAccessorImpl.invoke0(Native Method)
	at sun.reflect.NativeMethodAccessorImpl.invoke(NativeMethodAccessorImpl.java:39)
	at sun.reflect.DelegatingMethodAccessorImpl.invoke(DelegatingMethodAccessorImpl.java:25)
	at java.lang.reflect.Method.invoke(Method.java:597)
	at org.apache.catalina.startup.Bootstrap.load(Bootstrap.java:261)
	at org.apache.catalina.startup.Bootstrap.main(Bootstrap.java:413)
Feb 4, 2011 6:02:39 PM org.apache.catalina.startup.Catalina load
INFO: Initialization processed in 961 ms
Feb 4, 2011 6:02:39 PM org.apache.catalina.core.StandardService start
INFO: Starting service Catalina
Feb 4, 2011 6:02:39 PM org.apache.catalina.core.StandardEngine start
INFO: Starting Servlet Engine: Apache Tomcat/6.0.29
Feb 4, 2011 6:02:39 PM org.apache.catalina.startup.HostConfig deployDescriptor
INFO: Deploying configuration descriptor manager.xml
Feb 4, 2011 6:02:39 PM org.apache.catalina.startup.HostConfig deployWAR
INFO: Deploying web application archive quiz.war
Feb 4, 2011 6:02:40 PM org.apache.catalina.startup.HostConfig deployDirectory
INFO: Deploying web application directory ROOT
Feb 4, 2011 6:02:40 PM org.apache.catalina.loader.WebappClassLoader clearReferencesJdbc
SEVERE: The web application [] registered the JBDC driver [org.postgresql.Driver] but failed to unregister it when the web application was stopped. To prevent a memory leak, the JDBC Driver has been forcibly unregistered.
Feb 4, 2011 6:02:41 PM org.apache.catalina.loader.WebappClassLoader clearReferencesThreads
SEVERE: The web application [/manager] appears to have started a thread named [Poller SunPKCS11-Darwin] but has failed to stop it. This is very likely to create a memory leak.
Feb 4, 2011 6:02:41 PM org.apache.coyote.http11.Http11Protocol destroy
INFO: Stopping Coyote HTTP/1.1 on http-8080
Feb 4, 2011 6:02:53 PM org.apache.coyote.http11.Http11Protocol start
INFO: Starting Coyote HTTP/1.1 on http-8080
Feb 4, 2011 6:02:53 PM org.apache.jk.common.ChannelSocket init
INFO: JK: ajp13 listening on /0.0.0.0:8009
Feb 4, 2011 6:02:53 PM org.apache.jk.server.JkMain start
INFO: Jk running ID=0 time=0/25  config=null
Feb 4, 2011 6:02:53 PM org.apache.catalina.startup.Catalina start
INFO: Server startup in 14484 ms
