Feb 14, 2011 9:09:18 PM org.apache.catalina.core.AprLifecycleListener init
INFO: The APR based Apache Tomcat Native library which allows optimal performance in production environments was not found on the java.library.path: .:/Library/Java/Extensions:/System/Library/Java/Extensions:/usr/lib/java
Feb 14, 2011 9:09:18 PM org.apache.coyote.http11.Http11Protocol init
INFO: Initializing Coyote HTTP/1.1 on http-8080
Feb 14, 2011 9:09:18 PM org.apache.catalina.startup.Catalina load
INFO: Initialization processed in 1153 ms
Feb 14, 2011 9:09:18 PM org.apache.catalina.core.StandardService start
INFO: Starting service Catalina
Feb 14, 2011 9:09:18 PM org.apache.catalina.core.StandardEngine start
INFO: Starting Servlet Engine: Apache Tomcat/6.0.29
Feb 14, 2011 9:09:18 PM org.apache.catalina.startup.HostConfig deployDescriptor
INFO: Deploying configuration descriptor manager.xml
Feb 14, 2011 9:09:19 PM org.apache.catalina.startup.HostConfig deployDirectory
INFO: Deploying web application directory ROOT
Feb 14, 2011 9:09:19 PM org.apache.coyote.http11.Http11Protocol start
INFO: Starting Coyote HTTP/1.1 on http-8080
Feb 14, 2011 9:09:20 PM org.apache.jk.common.ChannelSocket init
INFO: JK: ajp13 listening on /0.0.0.0:8009
Feb 14, 2011 9:09:20 PM org.apache.jk.server.JkMain start
INFO: Jk running ID=0 time=0/63  config=null
Feb 14, 2011 9:09:20 PM org.apache.catalina.startup.Catalina start
INFO: Server startup in 1283 ms
Feb 14, 2011 11:33:37 PM org.apache.coyote.http11.Http11Protocol pause
INFO: Pausing Coyote HTTP/1.1 on http-8080
Feb 14, 2011 11:33:38 PM org.apache.catalina.core.StandardService stop
INFO: Stopping service Catalina
Feb 14, 2011 11:33:39 PM org.apache.catalina.loader.WebappClassLoader clearReferencesThreads
SEVERE: The web application [/manager] appears to have started a thread named [Poller SunPKCS11-Darwin] but has failed to stop it. This is very likely to create a memory leak.
Feb 14, 2011 11:33:39 PM org.apache.coyote.http11.Http11Protocol destroy
INFO: Stopping Coyote HTTP/1.1 on http-8080
Feb 14, 2011 11:34:04 PM org.apache.catalina.core.AprLifecycleListener init
INFO: The APR based Apache Tomcat Native library which allows optimal performance in production environments was not found on the java.library.path: .:/Library/Java/Extensions:/System/Library/Java/Extensions:/usr/lib/java
Feb 14, 2011 11:34:04 PM org.apache.coyote.http11.Http11Protocol init
INFO: Initializing Coyote HTTP/1.1 on http-8080
Feb 14, 2011 11:34:04 PM org.apache.catalina.startup.Catalina load
INFO: Initialization processed in 914 ms
Feb 14, 2011 11:34:04 PM org.apache.catalina.core.StandardService start
INFO: Starting service Catalina
Feb 14, 2011 11:34:04 PM org.apache.catalina.core.StandardEngine start
INFO: Starting Servlet Engine: Apache Tomcat/6.0.29
Feb 14, 2011 11:34:04 PM org.apache.catalina.startup.HostConfig deployDescriptor
INFO: Deploying configuration descriptor manager.xml
Feb 14, 2011 11:34:05 PM org.apache.catalina.startup.HostConfig deployDirectory
INFO: Deploying web application directory ROOT
Feb 14, 2011 11:34:07 PM org.apache.coyote.http11.Http11Protocol start
INFO: Starting Coyote HTTP/1.1 on http-8080
Feb 14, 2011 11:34:07 PM org.apache.jk.common.ChannelSocket init
INFO: JK: ajp13 listening on /0.0.0.0:8009
Feb 14, 2011 11:34:07 PM org.apache.jk.server.JkMain start
INFO: Jk running ID=0 time=0/38  config=null
Feb 14, 2011 11:34:07 PM org.apache.catalina.startup.Catalina start
INFO: Server startup in 2650 ms
