Mar 1, 2011 12:50:15 AM org.apache.coyote.http11.Http11Protocol pause
INFO: Pausing Coyote HTTP/1.1 on http-8080
Mar 1, 2011 12:50:16 AM org.apache.catalina.core.StandardService stop
INFO: Stopping service Catalina
Mar 1, 2011 12:50:16 AM org.apache.catalina.loader.WebappClassLoader clearReferencesJdbc
SEVERE: The web application [] registered the JBDC driver [org.postgresql.Driver] but failed to unregister it when the web application was stopped. To prevent a memory leak, the JDBC Driver has been forcibly unregistered.
Mar 1, 2011 12:50:17 AM org.apache.catalina.loader.WebappClassLoader clearReferencesThreads
SEVERE: The web application [/manager] appears to have started a thread named [Poller SunPKCS11-Darwin] but has failed to stop it. This is very likely to create a memory leak.
Mar 1, 2011 12:50:17 AM org.apache.coyote.http11.Http11Protocol destroy
INFO: Stopping Coyote HTTP/1.1 on http-8080
Mar 1, 2011 12:50:51 AM org.apache.catalina.core.AprLifecycleListener init
INFO: The APR based Apache Tomcat Native library which allows optimal performance in production environments was not found on the java.library.path: .:/Library/Java/Extensions:/System/Library/Java/Extensions:/usr/lib/java
Mar 1, 2011 12:50:51 AM org.apache.coyote.http11.Http11Protocol init
INFO: Initializing Coyote HTTP/1.1 on http-8080
Mar 1, 2011 12:50:51 AM org.apache.catalina.startup.Catalina load
INFO: Initialization processed in 737 ms
Mar 1, 2011 12:50:51 AM org.apache.catalina.core.StandardService start
INFO: Starting service Catalina
Mar 1, 2011 12:50:51 AM org.apache.catalina.core.StandardEngine start
INFO: Starting Servlet Engine: Apache Tomcat/6.0.29
Mar 1, 2011 12:50:51 AM org.apache.catalina.startup.HostConfig deployDescriptor
INFO: Deploying configuration descriptor manager.xml
Mar 1, 2011 12:50:51 AM org.apache.catalina.startup.HostConfig deployDirectory
INFO: Deploying web application directory ROOT
Mar 1, 2011 12:50:53 AM org.apache.coyote.http11.Http11Protocol start
INFO: Starting Coyote HTTP/1.1 on http-8080
Mar 1, 2011 12:50:53 AM org.apache.jk.common.ChannelSocket init
INFO: JK: ajp13 listening on /0.0.0.0:8009
Mar 1, 2011 12:50:53 AM org.apache.jk.server.JkMain start
INFO: Jk running ID=0 time=0/45  config=null
Mar 1, 2011 12:50:53 AM org.apache.catalina.startup.Catalina start
INFO: Server startup in 2356 ms
Mar 1, 2011 12:53:47 AM org.apache.coyote.http11.Http11Protocol pause
INFO: Pausing Coyote HTTP/1.1 on http-8080
Mar 1, 2011 12:53:48 AM org.apache.catalina.core.StandardService stop
INFO: Stopping service Catalina
Mar 1, 2011 12:53:48 AM org.apache.catalina.loader.WebappClassLoader clearReferencesJdbc
SEVERE: The web application [] registered the JBDC driver [org.postgresql.Driver] but failed to unregister it when the web application was stopped. To prevent a memory leak, the JDBC Driver has been forcibly unregistered.
Mar 1, 2011 12:53:48 AM org.apache.catalina.loader.WebappClassLoader clearReferencesThreads
SEVERE: The web application [/manager] appears to have started a thread named [Poller SunPKCS11-Darwin] but has failed to stop it. This is very likely to create a memory leak.
Mar 1, 2011 12:53:48 AM org.apache.coyote.http11.Http11Protocol destroy
INFO: Stopping Coyote HTTP/1.1 on http-8080
Mar 1, 2011 12:54:50 AM org.apache.catalina.core.AprLifecycleListener init
INFO: The APR based Apache Tomcat Native library which allows optimal performance in production environments was not found on the java.library.path: .:/Library/Java/Extensions:/System/Library/Java/Extensions:/usr/lib/java
Mar 1, 2011 12:54:50 AM org.apache.coyote.http11.Http11Protocol init
INFO: Initializing Coyote HTTP/1.1 on http-8080
Mar 1, 2011 12:54:50 AM org.apache.catalina.startup.Catalina load
INFO: Initialization processed in 770 ms
Mar 1, 2011 12:54:50 AM org.apache.catalina.core.StandardService start
INFO: Starting service Catalina
Mar 1, 2011 12:54:50 AM org.apache.catalina.core.StandardEngine start
INFO: Starting Servlet Engine: Apache Tomcat/6.0.29
Mar 1, 2011 12:54:50 AM org.apache.catalina.startup.HostConfig deployDescriptor
INFO: Deploying configuration descriptor manager.xml
Mar 1, 2011 12:54:51 AM org.apache.catalina.startup.HostConfig deployDirectory
INFO: Deploying web application directory ROOT
Mar 1, 2011 12:54:52 AM org.apache.coyote.http11.Http11Protocol start
INFO: Starting Coyote HTTP/1.1 on http-8080
Mar 1, 2011 12:54:53 AM org.apache.jk.common.ChannelSocket init
INFO: JK: ajp13 listening on /0.0.0.0:8009
Mar 1, 2011 12:54:53 AM org.apache.jk.server.JkMain start
INFO: Jk running ID=0 time=0/32  config=null
Mar 1, 2011 12:54:53 AM org.apache.catalina.startup.Catalina start
INFO: Server startup in 2429 ms
Mar 1, 2011 4:18:20 AM org.apache.coyote.http11.Http11Protocol pause
INFO: Pausing Coyote HTTP/1.1 on http-8080
Mar 1, 2011 4:18:21 AM org.apache.catalina.core.StandardService stop
INFO: Stopping service Catalina
Mar 1, 2011 4:18:21 AM org.apache.catalina.loader.WebappClassLoader clearReferencesJdbc
SEVERE: The web application [] registered the JBDC driver [org.postgresql.Driver] but failed to unregister it when the web application was stopped. To prevent a memory leak, the JDBC Driver has been forcibly unregistered.
Mar 1, 2011 4:18:27 AM org.apache.catalina.loader.WebappClassLoader clearReferencesThreads
SEVERE: The web application [/manager] appears to have started a thread named [Poller SunPKCS11-Darwin] but has failed to stop it. This is very likely to create a memory leak.
Mar 1, 2011 4:18:27 AM org.apache.coyote.http11.Http11Protocol destroy
INFO: Stopping Coyote HTTP/1.1 on http-8080
Mar 1, 2011 4:19:03 AM org.apache.catalina.core.AprLifecycleListener init
INFO: The APR based Apache Tomcat Native library which allows optimal performance in production environments was not found on the java.library.path: .:/Library/Java/Extensions:/System/Library/Java/Extensions:/usr/lib/java
Mar 1, 2011 4:19:04 AM org.apache.coyote.http11.Http11Protocol init
INFO: Initializing Coyote HTTP/1.1 on http-8080
Mar 1, 2011 4:19:04 AM org.apache.catalina.startup.Catalina load
INFO: Initialization processed in 2294 ms
Mar 1, 2011 4:19:04 AM org.apache.catalina.core.StandardService start
INFO: Starting service Catalina
Mar 1, 2011 4:19:04 AM org.apache.catalina.core.StandardEngine start
INFO: Starting Servlet Engine: Apache Tomcat/6.0.29
Mar 1, 2011 4:19:04 AM org.apache.catalina.startup.HostConfig deployDescriptor
INFO: Deploying configuration descriptor manager.xml
Mar 1, 2011 4:19:07 AM org.apache.catalina.startup.HostConfig deployDirectory
INFO: Deploying web application directory ROOT
Mar 1, 2011 4:19:09 AM org.apache.coyote.http11.Http11Protocol start
INFO: Starting Coyote HTTP/1.1 on http-8080
Mar 1, 2011 4:19:09 AM org.apache.jk.common.ChannelSocket init
INFO: JK: ajp13 listening on /0.0.0.0:8009
Mar 1, 2011 4:19:09 AM org.apache.jk.server.JkMain start
INFO: Jk running ID=0 time=0/87  config=null
Mar 1, 2011 4:19:09 AM org.apache.catalina.startup.Catalina start
INFO: Server startup in 5393 ms
Mar 1, 2011 11:18:28 AM org.apache.catalina.core.AprLifecycleListener init
INFO: The APR based Apache Tomcat Native library which allows optimal performance in production environments was not found on the java.library.path: .:/Library/Java/Extensions:/System/Library/Java/Extensions:/usr/lib/java
Mar 1, 2011 11:18:28 AM org.apache.coyote.http11.Http11Protocol init
SEVERE: Error initializing endpoint
java.net.BindException: Address already in use <null>:8080
	at org.apache.tomcat.util.net.JIoEndpoint.init(JIoEndpoint.java:549)
	at org.apache.coyote.http11.Http11Protocol.init(Http11Protocol.java:176)
	at org.apache.catalina.connector.Connector.initialize(Connector.java:1014)
	at org.apache.catalina.core.StandardService.initialize(StandardService.java:680)
	at org.apache.catalina.core.StandardServer.initialize(StandardServer.java:795)
	at org.apache.catalina.startup.Catalina.load(Catalina.java:524)
	at org.apache.catalina.startup.Catalina.load(Catalina.java:548)
	at sun.reflect.NativeMethodAccessorImpl.invoke0(Native Method)
	at sun.reflect.NativeMethodAccessorImpl.invoke(NativeMethodAccessorImpl.java:39)
	at sun.reflect.DelegatingMethodAccessorImpl.invoke(DelegatingMethodAccessorImpl.java:25)
	at java.lang.reflect.Method.invoke(Method.java:597)
	at org.apache.catalina.startup.Bootstrap.load(Bootstrap.java:261)
	at org.apache.catalina.startup.Bootstrap.main(Bootstrap.java:413)
Caused by: java.net.BindException: Address already in use
	at java.net.PlainSocketImpl.socketBind(Native Method)
	at java.net.PlainSocketImpl.bind(PlainSocketImpl.java:365)
	at java.net.ServerSocket.bind(ServerSocket.java:319)
	at java.net.ServerSocket.<init>(ServerSocket.java:185)
	at java.net.ServerSocket.<init>(ServerSocket.java:141)
	at org.apache.tomcat.util.net.DefaultServerSocketFactory.createSocket(DefaultServerSocketFactory.java:50)
	at org.apache.tomcat.util.net.JIoEndpoint.init(JIoEndpoint.java:538)
	... 12 more
Mar 1, 2011 11:18:28 AM org.apache.catalina.startup.Catalina load
SEVERE: Catalina.start
LifecycleException:  Protocol handler initialization failed: java.net.BindException: Address already in use <null>:8080
	at org.apache.catalina.connector.Connector.initialize(Connector.java:1016)
	at org.apache.catalina.core.StandardService.initialize(StandardService.java:680)
	at org.apache.catalina.core.StandardServer.initialize(StandardServer.java:795)
	at org.apache.catalina.startup.Catalina.load(Catalina.java:524)
	at org.apache.catalina.startup.Catalina.load(Catalina.java:548)
	at sun.reflect.NativeMethodAccessorImpl.invoke0(Native Method)
	at sun.reflect.NativeMethodAccessorImpl.invoke(NativeMethodAccessorImpl.java:39)
	at sun.reflect.DelegatingMethodAccessorImpl.invoke(DelegatingMethodAccessorImpl.java:25)
	at java.lang.reflect.Method.invoke(Method.java:597)
	at org.apache.catalina.startup.Bootstrap.load(Bootstrap.java:261)
	at org.apache.catalina.startup.Bootstrap.main(Bootstrap.java:413)
Mar 1, 2011 11:18:28 AM org.apache.catalina.startup.Catalina load
INFO: Initialization processed in 787 ms
Mar 1, 2011 11:18:28 AM org.apache.catalina.core.StandardService start
INFO: Starting service Catalina
Mar 1, 2011 11:18:28 AM org.apache.catalina.core.StandardEngine start
INFO: Starting Servlet Engine: Apache Tomcat/6.0.29
Mar 1, 2011 11:18:28 AM org.apache.catalina.startup.HostConfig deployDescriptor
INFO: Deploying configuration descriptor manager.xml
Mar 1, 2011 11:18:29 AM org.apache.catalina.startup.HostConfig deployDirectory
INFO: Deploying web application directory ROOT
Mar 1, 2011 11:18:30 AM org.apache.catalina.startup.HostConfig checkResources
INFO: Reloading context []
Mar 1, 2011 11:18:30 AM org.apache.catalina.loader.WebappClassLoader clearReferencesJdbc
SEVERE: The web application [] registered the JBDC driver [org.postgresql.Driver] but failed to unregister it when the web application was stopped. To prevent a memory leak, the JDBC Driver has been forcibly unregistered.
Mar 1, 2011 11:18:30 AM org.apache.catalina.loader.WebappClassLoader clearThreadLocalMap
SEVERE: The web application [] created a ThreadLocal with key of type [org.apache.fop.util.DecimalFormatCache.DecimalFormatThreadLocal] (value [org.apache.fop.util.DecimalFormatCache$DecimalFormatThreadLocal@16497a1b]) and a value of type [java.text.DecimalFormat] (value [java.text.DecimalFormat@674dc]) but failed to remove it when the web application was stopped. This is very likely to create a memory leak.
Mar 1, 2011 11:18:30 AM org.apache.catalina.loader.WebappClassLoader clearThreadLocalMap
SEVERE: The web application [] created a ThreadLocal with key of type [org.apache.fop.util.DecimalFormatCache.DecimalFormatThreadLocal] (value [org.apache.fop.util.DecimalFormatCache$DecimalFormatThreadLocal@66568dc9]) and a value of type [java.text.DecimalFormat] (value [java.text.DecimalFormat@674dc]) but failed to remove it when the web application was stopped. This is very likely to create a memory leak.
Mar 1, 2011 11:18:30 AM org.apache.catalina.loader.WebappClassLoader clearThreadLocalMap
SEVERE: The web application [] created a ThreadLocal with key of type [org.apache.fop.util.DecimalFormatCache.DecimalFormatThreadLocal] (value [org.apache.fop.util.DecimalFormatCache$DecimalFormatThreadLocal@17171dc7]) and a value of type [java.text.DecimalFormat] (value [java.text.DecimalFormat@674dc]) but failed to remove it when the web application was stopped. This is very likely to create a memory leak.
Mar 1, 2011 11:18:30 AM org.apache.coyote.http11.Http11Protocol start
SEVERE: Error starting endpoint
java.net.BindException: Address already in use <null>:8080
	at org.apache.tomcat.util.net.JIoEndpoint.init(JIoEndpoint.java:549)
	at org.apache.tomcat.util.net.JIoEndpoint.start(JIoEndpoint.java:565)
	at org.apache.coyote.http11.Http11Protocol.start(Http11Protocol.java:203)
	at org.apache.catalina.connector.Connector.start(Connector.java:1087)
	at org.apache.catalina.core.StandardService.start(StandardService.java:534)
	at org.apache.catalina.core.StandardServer.start(StandardServer.java:710)
	at org.apache.catalina.startup.Catalina.start(Catalina.java:581)
	at sun.reflect.NativeMethodAccessorImpl.invoke0(Native Method)
	at sun.reflect.NativeMethodAccessorImpl.invoke(NativeMethodAccessorImpl.java:39)
	at sun.reflect.DelegatingMethodAccessorImpl.invoke(DelegatingMethodAccessorImpl.java:25)
	at java.lang.reflect.Method.invoke(Method.java:597)
	at org.apache.catalina.startup.Bootstrap.start(Bootstrap.java:289)
	at org.apache.catalina.startup.Bootstrap.main(Bootstrap.java:414)
Caused by: java.net.BindException: Address already in use
	at java.net.PlainSocketImpl.socketBind(Native Method)
	at java.net.PlainSocketImpl.bind(PlainSocketImpl.java:365)
	at java.net.ServerSocket.bind(ServerSocket.java:319)
	at java.net.ServerSocket.<init>(ServerSocket.java:185)
	at java.net.ServerSocket.<init>(ServerSocket.java:141)
	at org.apache.tomcat.util.net.DefaultServerSocketFactory.createSocket(DefaultServerSocketFactory.java:50)
	at org.apache.tomcat.util.net.JIoEndpoint.init(JIoEndpoint.java:538)
	... 12 more
Mar 1, 2011 11:18:30 AM org.apache.catalina.startup.Catalina start
SEVERE: Catalina.start: 
LifecycleException:  service.getName(): "Catalina";  Protocol handler start failed: java.net.BindException: Address already in use <null>:8080
	at org.apache.catalina.connector.Connector.start(Connector.java:1094)
	at org.apache.catalina.core.StandardService.start(StandardService.java:534)
	at org.apache.catalina.core.StandardServer.start(StandardServer.java:710)
	at org.apache.catalina.startup.Catalina.start(Catalina.java:581)
	at sun.reflect.NativeMethodAccessorImpl.invoke0(Native Method)
	at sun.reflect.NativeMethodAccessorImpl.invoke(NativeMethodAccessorImpl.java:39)
	at sun.reflect.DelegatingMethodAccessorImpl.invoke(DelegatingMethodAccessorImpl.java:25)
	at java.lang.reflect.Method.invoke(Method.java:597)
	at org.apache.catalina.startup.Bootstrap.start(Bootstrap.java:289)
	at org.apache.catalina.startup.Bootstrap.main(Bootstrap.java:414)
Mar 1, 2011 11:18:30 AM org.apache.catalina.startup.Catalina start
INFO: Server startup in 2289 ms
Mar 1, 2011 11:47:03 AM org.apache.coyote.http11.Http11Protocol pause
INFO: Pausing Coyote HTTP/1.1 on http-8080
Mar 1, 2011 11:47:04 AM org.apache.catalina.core.StandardService stop
INFO: Stopping service Catalina
Mar 1, 2011 11:47:04 AM org.apache.catalina.loader.WebappClassLoader clearReferencesJdbc
SEVERE: The web application [] registered the JBDC driver [org.postgresql.Driver] but failed to unregister it when the web application was stopped. To prevent a memory leak, the JDBC Driver has been forcibly unregistered.
Mar 1, 2011 11:47:04 AM org.apache.catalina.loader.WebappClassLoader clearReferencesThreads
SEVERE: The web application [/manager] appears to have started a thread named [Poller SunPKCS11-Darwin] but has failed to stop it. This is very likely to create a memory leak.
Mar 1, 2011 11:47:04 AM org.apache.catalina.connector.MapperListener destroy
WARNING: Error unregistering MBeanServerDelegate
java.lang.NullPointerException
	at org.apache.catalina.connector.MapperListener.destroy(MapperListener.java:176)
	at org.apache.catalina.connector.Connector.stop(Connector.java:1135)
	at org.apache.catalina.core.StandardService.stop(StandardService.java:596)
	at org.apache.catalina.core.StandardServer.stop(StandardServer.java:744)
	at org.apache.catalina.startup.Catalina.stop(Catalina.java:648)
	at org.apache.catalina.startup.Catalina.start(Catalina.java:615)
	at sun.reflect.NativeMethodAccessorImpl.invoke0(Native Method)
	at sun.reflect.NativeMethodAccessorImpl.invoke(NativeMethodAccessorImpl.java:39)
	at sun.reflect.DelegatingMethodAccessorImpl.invoke(DelegatingMethodAccessorImpl.java:25)
	at java.lang.reflect.Method.invoke(Method.java:597)
	at org.apache.catalina.startup.Bootstrap.start(Bootstrap.java:289)
	at org.apache.catalina.startup.Bootstrap.main(Bootstrap.java:414)
Mar 1, 2011 11:47:04 AM org.apache.coyote.http11.Http11Protocol destroy
INFO: Stopping Coyote HTTP/1.1 on http-8080
Mar 1, 2011 11:47:04 AM org.apache.catalina.connector.Connector stop
SEVERE: Coyote connector has not been started
Mar 1, 2011 11:49:37 AM org.apache.coyote.http11.Http11Protocol pause
INFO: Pausing Coyote HTTP/1.1 on http-8080
Mar 1, 2011 11:49:38 AM org.apache.catalina.core.StandardService stop
INFO: Stopping service Catalina
Mar 1, 2011 11:49:38 AM org.apache.catalina.loader.WebappClassLoader clearReferencesJdbc
SEVERE: The web application [] registered the JBDC driver [org.postgresql.Driver] but failed to unregister it when the web application was stopped. To prevent a memory leak, the JDBC Driver has been forcibly unregistered.
Mar 1, 2011 11:49:39 AM org.apache.catalina.loader.WebappClassLoader clearReferencesThreads
SEVERE: The web application [/manager] appears to have started a thread named [Poller SunPKCS11-Darwin] but has failed to stop it. This is very likely to create a memory leak.
Mar 1, 2011 11:49:39 AM org.apache.coyote.http11.Http11Protocol destroy
INFO: Stopping Coyote HTTP/1.1 on http-8080
Mar 1, 2011 11:50:09 AM org.apache.catalina.core.AprLifecycleListener init
INFO: The APR based Apache Tomcat Native library which allows optimal performance in production environments was not found on the java.library.path: .:/Library/Java/Extensions:/System/Library/Java/Extensions:/usr/lib/java
Mar 1, 2011 11:50:09 AM org.apache.coyote.http11.Http11Protocol init
INFO: Initializing Coyote HTTP/1.1 on http-8080
Mar 1, 2011 11:50:09 AM org.apache.catalina.startup.Catalina load
INFO: Initialization processed in 831 ms
Mar 1, 2011 11:50:09 AM org.apache.catalina.core.StandardService start
INFO: Starting service Catalina
Mar 1, 2011 11:50:09 AM org.apache.catalina.core.StandardEngine start
INFO: Starting Servlet Engine: Apache Tomcat/6.0.29
Mar 1, 2011 11:50:09 AM org.apache.catalina.startup.HostConfig deployDescriptor
INFO: Deploying configuration descriptor manager.xml
Mar 1, 2011 11:50:09 AM org.apache.catalina.startup.HostConfig deployDirectory
INFO: Deploying web application directory ROOT
Mar 1, 2011 11:50:11 AM org.apache.coyote.http11.Http11Protocol start
INFO: Starting Coyote HTTP/1.1 on http-8080
Mar 1, 2011 11:50:11 AM org.apache.jk.common.ChannelSocket init
INFO: JK: ajp13 listening on /0.0.0.0:8009
Mar 1, 2011 11:50:11 AM org.apache.jk.server.JkMain start
INFO: Jk running ID=0 time=0/67  config=null
Mar 1, 2011 11:50:11 AM org.apache.catalina.startup.Catalina start
INFO: Server startup in 2489 ms
Mar 1, 2011 1:54:19 PM org.apache.coyote.http11.Http11Protocol pause
INFO: Pausing Coyote HTTP/1.1 on http-8080
Mar 1, 2011 1:54:20 PM org.apache.catalina.core.StandardService stop
INFO: Stopping service Catalina
Mar 1, 2011 1:54:20 PM org.apache.catalina.loader.WebappClassLoader clearReferencesJdbc
SEVERE: The web application [] registered the JBDC driver [org.postgresql.Driver] but failed to unregister it when the web application was stopped. To prevent a memory leak, the JDBC Driver has been forcibly unregistered.
Mar 1, 2011 1:54:21 PM org.apache.catalina.loader.WebappClassLoader clearReferencesThreads
SEVERE: The web application [/manager] appears to have started a thread named [Poller SunPKCS11-Darwin] but has failed to stop it. This is very likely to create a memory leak.
Mar 1, 2011 1:54:21 PM org.apache.coyote.http11.Http11Protocol destroy
INFO: Stopping Coyote HTTP/1.1 on http-8080
Mar 1, 2011 1:55:23 PM org.apache.catalina.core.AprLifecycleListener init
INFO: The APR based Apache Tomcat Native library which allows optimal performance in production environments was not found on the java.library.path: .:/Library/Java/Extensions:/System/Library/Java/Extensions:/usr/lib/java
Mar 1, 2011 1:55:24 PM org.apache.coyote.http11.Http11Protocol init
INFO: Initializing Coyote HTTP/1.1 on http-8080
Mar 1, 2011 1:55:24 PM org.apache.catalina.startup.Catalina load
INFO: Initialization processed in 800 ms
Mar 1, 2011 1:55:24 PM org.apache.catalina.core.StandardService start
INFO: Starting service Catalina
Mar 1, 2011 1:55:24 PM org.apache.catalina.core.StandardEngine start
INFO: Starting Servlet Engine: Apache Tomcat/6.0.29
Mar 1, 2011 1:55:24 PM org.apache.catalina.startup.HostConfig deployDescriptor
INFO: Deploying configuration descriptor manager.xml
Mar 1, 2011 1:55:24 PM org.apache.catalina.startup.HostConfig deployDirectory
INFO: Deploying web application directory ROOT
Mar 1, 2011 1:55:26 PM org.apache.coyote.http11.Http11Protocol start
INFO: Starting Coyote HTTP/1.1 on http-8080
Mar 1, 2011 1:55:26 PM org.apache.jk.common.ChannelSocket init
INFO: JK: ajp13 listening on /0.0.0.0:8009
Mar 1, 2011 1:55:26 PM org.apache.jk.server.JkMain start
INFO: Jk running ID=0 time=0/42  config=null
Mar 1, 2011 1:55:26 PM org.apache.catalina.startup.Catalina start
INFO: Server startup in 2272 ms
Mar 1, 2011 3:16:46 PM org.apache.coyote.http11.Http11Protocol pause
INFO: Pausing Coyote HTTP/1.1 on http-8080
Mar 1, 2011 3:16:47 PM org.apache.catalina.core.StandardService stop
INFO: Stopping service Catalina
Mar 1, 2011 3:16:47 PM org.apache.catalina.loader.WebappClassLoader clearReferencesJdbc
SEVERE: The web application [] registered the JBDC driver [org.postgresql.Driver] but failed to unregister it when the web application was stopped. To prevent a memory leak, the JDBC Driver has been forcibly unregistered.
Mar 1, 2011 3:16:48 PM org.apache.catalina.loader.WebappClassLoader clearReferencesThreads
SEVERE: The web application [/manager] appears to have started a thread named [Poller SunPKCS11-Darwin] but has failed to stop it. This is very likely to create a memory leak.
Mar 1, 2011 3:16:48 PM org.apache.coyote.http11.Http11Protocol destroy
INFO: Stopping Coyote HTTP/1.1 on http-8080
Mar 1, 2011 3:18:21 PM org.apache.catalina.core.AprLifecycleListener init
INFO: The APR based Apache Tomcat Native library which allows optimal performance in production environments was not found on the java.library.path: .:/Library/Java/Extensions:/System/Library/Java/Extensions:/usr/lib/java
Mar 1, 2011 3:18:21 PM org.apache.coyote.http11.Http11Protocol init
INFO: Initializing Coyote HTTP/1.1 on http-8080
Mar 1, 2011 3:18:21 PM org.apache.catalina.startup.Catalina load
INFO: Initialization processed in 755 ms
Mar 1, 2011 3:18:21 PM org.apache.catalina.core.StandardService start
INFO: Starting service Catalina
Mar 1, 2011 3:18:21 PM org.apache.catalina.core.StandardEngine start
INFO: Starting Servlet Engine: Apache Tomcat/6.0.29
Mar 1, 2011 3:18:21 PM org.apache.catalina.startup.HostConfig deployDescriptor
INFO: Deploying configuration descriptor manager.xml
Mar 1, 2011 3:18:22 PM org.apache.catalina.startup.HostConfig deployDirectory
INFO: Deploying web application directory ROOT
Mar 1, 2011 3:18:23 PM org.apache.coyote.http11.Http11Protocol start
INFO: Starting Coyote HTTP/1.1 on http-8080
Mar 1, 2011 3:18:23 PM org.apache.jk.common.ChannelSocket init
INFO: JK: ajp13 listening on /0.0.0.0:8009
Mar 1, 2011 3:18:23 PM org.apache.jk.server.JkMain start
INFO: Jk running ID=0 time=0/90  config=null
Mar 1, 2011 3:18:23 PM org.apache.catalina.startup.Catalina start
INFO: Server startup in 2029 ms
Mar 1, 2011 4:09:23 PM org.apache.coyote.http11.Http11Protocol pause
INFO: Pausing Coyote HTTP/1.1 on http-8080
Mar 1, 2011 4:09:24 PM org.apache.catalina.core.StandardService stop
INFO: Stopping service Catalina
Mar 1, 2011 4:09:24 PM org.apache.catalina.loader.WebappClassLoader clearReferencesJdbc
SEVERE: The web application [] registered the JBDC driver [org.postgresql.Driver] but failed to unregister it when the web application was stopped. To prevent a memory leak, the JDBC Driver has been forcibly unregistered.
Mar 1, 2011 4:09:25 PM org.apache.catalina.loader.WebappClassLoader clearReferencesThreads
SEVERE: The web application [/manager] appears to have started a thread named [Poller SunPKCS11-Darwin] but has failed to stop it. This is very likely to create a memory leak.
Mar 1, 2011 4:09:25 PM org.apache.coyote.http11.Http11Protocol destroy
INFO: Stopping Coyote HTTP/1.1 on http-8080
Mar 1, 2011 4:18:10 PM org.apache.catalina.core.AprLifecycleListener init
INFO: The APR based Apache Tomcat Native library which allows optimal performance in production environments was not found on the java.library.path: .:/Library/Java/Extensions:/System/Library/Java/Extensions:/usr/lib/java
Mar 1, 2011 4:18:10 PM org.apache.coyote.http11.Http11Protocol init
INFO: Initializing Coyote HTTP/1.1 on http-8080
Mar 1, 2011 4:18:10 PM org.apache.catalina.startup.Catalina load
INFO: Initialization processed in 1437 ms
Mar 1, 2011 4:18:10 PM org.apache.catalina.core.StandardService start
INFO: Starting service Catalina
Mar 1, 2011 4:18:10 PM org.apache.catalina.core.StandardEngine start
INFO: Starting Servlet Engine: Apache Tomcat/6.0.29
Mar 1, 2011 4:18:10 PM org.apache.catalina.startup.HostConfig deployDescriptor
INFO: Deploying configuration descriptor manager.xml
Mar 1, 2011 4:18:11 PM org.apache.catalina.startup.HostConfig deployDirectory
INFO: Deploying web application directory ROOT
Mar 1, 2011 4:18:15 PM org.apache.coyote.http11.Http11Protocol start
INFO: Starting Coyote HTTP/1.1 on http-8080
Mar 1, 2011 4:18:15 PM org.apache.jk.common.ChannelSocket init
INFO: JK: ajp13 listening on /0.0.0.0:8009
Mar 1, 2011 4:18:15 PM org.apache.jk.server.JkMain start
INFO: Jk running ID=0 time=0/99  config=null
Mar 1, 2011 4:18:15 PM org.apache.catalina.startup.Catalina start
INFO: Server startup in 4719 ms
Mar 1, 2011 9:07:43 PM org.apache.coyote.http11.Http11Protocol pause
INFO: Pausing Coyote HTTP/1.1 on http-8080
Mar 1, 2011 9:07:44 PM org.apache.catalina.core.StandardService stop
INFO: Stopping service Catalina
Mar 1, 2011 9:07:47 PM org.apache.catalina.loader.WebappClassLoader clearReferencesJdbc
SEVERE: The web application [] registered the JBDC driver [org.postgresql.Driver] but failed to unregister it when the web application was stopped. To prevent a memory leak, the JDBC Driver has been forcibly unregistered.
Mar 1, 2011 9:07:50 PM org.apache.catalina.loader.WebappClassLoader clearReferencesThreads
SEVERE: The web application [/manager] appears to have started a thread named [Poller SunPKCS11-Darwin] but has failed to stop it. This is very likely to create a memory leak.
Mar 1, 2011 9:07:50 PM org.apache.coyote.http11.Http11Protocol destroy
INFO: Stopping Coyote HTTP/1.1 on http-8080
Mar 1, 2011 9:08:18 PM org.apache.catalina.core.AprLifecycleListener init
INFO: The APR based Apache Tomcat Native library which allows optimal performance in production environments was not found on the java.library.path: .:/Library/Java/Extensions:/System/Library/Java/Extensions:/usr/lib/java
Mar 1, 2011 9:08:19 PM org.apache.coyote.http11.Http11Protocol init
INFO: Initializing Coyote HTTP/1.1 on http-8080
Mar 1, 2011 9:08:19 PM org.apache.catalina.startup.Catalina load
INFO: Initialization processed in 816 ms
Mar 1, 2011 9:08:19 PM org.apache.catalina.core.StandardService start
INFO: Starting service Catalina
Mar 1, 2011 9:08:19 PM org.apache.catalina.core.StandardEngine start
INFO: Starting Servlet Engine: Apache Tomcat/6.0.29
Mar 1, 2011 9:08:19 PM org.apache.catalina.startup.HostConfig deployDescriptor
INFO: Deploying configuration descriptor manager.xml
Mar 1, 2011 9:08:19 PM org.apache.catalina.startup.HostConfig deployDirectory
INFO: Deploying web application directory ROOT
Mar 1, 2011 9:08:21 PM org.apache.coyote.http11.Http11Protocol start
INFO: Starting Coyote HTTP/1.1 on http-8080
Mar 1, 2011 9:08:21 PM org.apache.jk.common.ChannelSocket init
INFO: JK: ajp13 listening on /0.0.0.0:8009
Mar 1, 2011 9:08:21 PM org.apache.jk.server.JkMain start
INFO: Jk running ID=0 time=0/55  config=null
Mar 1, 2011 9:08:21 PM org.apache.catalina.startup.Catalina start
INFO: Server startup in 2444 ms
