Feb 23, 2011 10:16:41 AM org.apache.catalina.core.AprLifecycleListener init
INFO: The APR based Apache Tomcat Native library which allows optimal performance in production environments was not found on the java.library.path: .:/Library/Java/Extensions:/System/Library/Java/Extensions:/usr/lib/java
Feb 23, 2011 10:16:42 AM org.apache.coyote.http11.Http11Protocol init
INFO: Initializing Coyote HTTP/1.1 on http-8080
Feb 23, 2011 10:16:42 AM org.apache.catalina.startup.Catalina load
INFO: Initialization processed in 1118 ms
Feb 23, 2011 10:16:42 AM org.apache.catalina.core.StandardService start
INFO: Starting service Catalina
Feb 23, 2011 10:16:42 AM org.apache.catalina.core.StandardEngine start
INFO: Starting Servlet Engine: Apache Tomcat/6.0.29
Feb 23, 2011 10:16:42 AM org.apache.catalina.startup.HostConfig deployDescriptor
INFO: Deploying configuration descriptor manager.xml
Feb 23, 2011 10:16:43 AM org.apache.catalina.startup.HostConfig deployDirectory
INFO: Deploying web application directory ROOT
Feb 23, 2011 10:16:45 AM org.apache.coyote.http11.Http11Protocol start
INFO: Starting Coyote HTTP/1.1 on http-8080
Feb 23, 2011 10:16:45 AM org.apache.jk.common.ChannelSocket init
INFO: JK: ajp13 listening on /0.0.0.0:8009
Feb 23, 2011 10:16:45 AM org.apache.jk.server.JkMain start
INFO: Jk running ID=0 time=0/35  config=null
Feb 23, 2011 10:16:45 AM org.apache.catalina.startup.Catalina start
INFO: Server startup in 3049 ms
Feb 23, 2011 5:30:07 PM org.apache.coyote.http11.Http11Protocol pause
INFO: Pausing Coyote HTTP/1.1 on http-8080
Feb 23, 2011 5:30:08 PM org.apache.catalina.core.StandardService stop
INFO: Stopping service Catalina
Feb 23, 2011 5:30:08 PM org.apache.catalina.loader.WebappClassLoader clearReferencesJdbc
SEVERE: The web application [] registered the JBDC driver [org.postgresql.Driver] but failed to unregister it when the web application was stopped. To prevent a memory leak, the JDBC Driver has been forcibly unregistered.
Feb 23, 2011 5:30:09 PM org.apache.catalina.loader.WebappClassLoader clearReferencesThreads
SEVERE: The web application [/manager] appears to have started a thread named [Poller SunPKCS11-Darwin] but has failed to stop it. This is very likely to create a memory leak.
Feb 23, 2011 5:30:09 PM org.apache.coyote.http11.Http11Protocol destroy
INFO: Stopping Coyote HTTP/1.1 on http-8080
Feb 23, 2011 5:30:31 PM org.apache.catalina.core.AprLifecycleListener init
INFO: The APR based Apache Tomcat Native library which allows optimal performance in production environments was not found on the java.library.path: .:/Library/Java/Extensions:/System/Library/Java/Extensions:/usr/lib/java
Feb 23, 2011 5:30:31 PM org.apache.coyote.http11.Http11Protocol init
INFO: Initializing Coyote HTTP/1.1 on http-8080
Feb 23, 2011 5:30:31 PM org.apache.catalina.startup.Catalina load
INFO: Initialization processed in 719 ms
Feb 23, 2011 5:30:31 PM org.apache.catalina.core.StandardService start
INFO: Starting service Catalina
Feb 23, 2011 5:30:31 PM org.apache.catalina.core.StandardEngine start
INFO: Starting Servlet Engine: Apache Tomcat/6.0.29
Feb 23, 2011 5:30:31 PM org.apache.catalina.startup.HostConfig deployDescriptor
INFO: Deploying configuration descriptor manager.xml
Feb 23, 2011 5:30:32 PM org.apache.catalina.startup.HostConfig deployDirectory
INFO: Deploying web application directory ROOT
Feb 23, 2011 5:30:33 PM org.apache.coyote.http11.Http11Protocol start
INFO: Starting Coyote HTTP/1.1 on http-8080
Feb 23, 2011 5:30:33 PM org.apache.jk.common.ChannelSocket init
INFO: JK: ajp13 listening on /0.0.0.0:8009
Feb 23, 2011 5:30:33 PM org.apache.jk.server.JkMain start
INFO: Jk running ID=0 time=0/31  config=null
Feb 23, 2011 5:30:33 PM org.apache.catalina.startup.Catalina start
INFO: Server startup in 2124 ms
Feb 23, 2011 5:30:56 PM org.apache.coyote.http11.Http11Protocol pause
INFO: Pausing Coyote HTTP/1.1 on http-8080
Feb 23, 2011 5:30:57 PM org.apache.catalina.core.StandardService stop
INFO: Stopping service Catalina
Feb 23, 2011 5:30:57 PM org.apache.catalina.loader.WebappClassLoader clearReferencesJdbc
SEVERE: The web application [] registered the JBDC driver [org.postgresql.Driver] but failed to unregister it when the web application was stopped. To prevent a memory leak, the JDBC Driver has been forcibly unregistered.
Feb 23, 2011 5:30:57 PM org.apache.catalina.loader.WebappClassLoader clearReferencesThreads
SEVERE: The web application [/manager] appears to have started a thread named [Poller SunPKCS11-Darwin] but has failed to stop it. This is very likely to create a memory leak.
Feb 23, 2011 5:30:57 PM org.apache.coyote.http11.Http11Protocol destroy
INFO: Stopping Coyote HTTP/1.1 on http-8080
Feb 23, 2011 5:32:00 PM org.apache.catalina.core.AprLifecycleListener init
INFO: The APR based Apache Tomcat Native library which allows optimal performance in production environments was not found on the java.library.path: .:/Library/Java/Extensions:/System/Library/Java/Extensions:/usr/lib/java
Feb 23, 2011 5:32:01 PM org.apache.coyote.http11.Http11Protocol init
INFO: Initializing Coyote HTTP/1.1 on http-8080
Feb 23, 2011 5:32:01 PM org.apache.catalina.startup.Catalina load
INFO: Initialization processed in 681 ms
Feb 23, 2011 5:32:01 PM org.apache.catalina.core.StandardService start
INFO: Starting service Catalina
Feb 23, 2011 5:32:01 PM org.apache.catalina.core.StandardEngine start
INFO: Starting Servlet Engine: Apache Tomcat/6.0.29
Feb 23, 2011 5:32:01 PM org.apache.catalina.startup.HostConfig deployDescriptor
INFO: Deploying configuration descriptor manager.xml
Feb 23, 2011 5:32:01 PM org.apache.catalina.startup.HostConfig deployDirectory
INFO: Deploying web application directory ROOT
Feb 23, 2011 5:32:02 PM org.apache.coyote.http11.Http11Protocol start
INFO: Starting Coyote HTTP/1.1 on http-8080
Feb 23, 2011 5:32:02 PM org.apache.jk.common.ChannelSocket init
INFO: JK: ajp13 listening on /0.0.0.0:8009
Feb 23, 2011 5:32:02 PM org.apache.jk.server.JkMain start
INFO: Jk running ID=0 time=0/29  config=null
Feb 23, 2011 5:32:02 PM org.apache.catalina.startup.Catalina start
INFO: Server startup in 1883 ms
Feb 23, 2011 7:16:15 PM org.apache.coyote.http11.Http11Protocol pause
INFO: Pausing Coyote HTTP/1.1 on http-8080
Feb 23, 2011 7:16:16 PM org.apache.catalina.core.StandardService stop
INFO: Stopping service Catalina
Feb 23, 2011 7:16:16 PM org.apache.catalina.loader.WebappClassLoader clearReferencesJdbc
SEVERE: The web application [] registered the JBDC driver [org.postgresql.Driver] but failed to unregister it when the web application was stopped. To prevent a memory leak, the JDBC Driver has been forcibly unregistered.
Feb 23, 2011 7:16:16 PM org.apache.catalina.loader.WebappClassLoader clearReferencesThreads
SEVERE: The web application [/manager] appears to have started a thread named [Poller SunPKCS11-Darwin] but has failed to stop it. This is very likely to create a memory leak.
Feb 23, 2011 7:16:16 PM org.apache.coyote.http11.Http11Protocol destroy
INFO: Stopping Coyote HTTP/1.1 on http-8080
Feb 23, 2011 7:17:44 PM org.apache.catalina.core.AprLifecycleListener init
INFO: The APR based Apache Tomcat Native library which allows optimal performance in production environments was not found on the java.library.path: .:/Library/Java/Extensions:/System/Library/Java/Extensions:/usr/lib/java
Feb 23, 2011 7:17:44 PM org.apache.coyote.http11.Http11Protocol init
INFO: Initializing Coyote HTTP/1.1 on http-8080
Feb 23, 2011 7:17:44 PM org.apache.catalina.startup.Catalina load
INFO: Initialization processed in 829 ms
Feb 23, 2011 7:17:44 PM org.apache.catalina.core.StandardService start
INFO: Starting service Catalina
Feb 23, 2011 7:17:44 PM org.apache.catalina.core.StandardEngine start
INFO: Starting Servlet Engine: Apache Tomcat/6.0.29
Feb 23, 2011 7:17:44 PM org.apache.catalina.startup.HostConfig deployDescriptor
INFO: Deploying configuration descriptor manager.xml
Feb 23, 2011 7:17:45 PM org.apache.catalina.startup.HostConfig deployDirectory
INFO: Deploying web application directory ROOT
Feb 23, 2011 7:17:46 PM org.apache.coyote.http11.Http11Protocol start
INFO: Starting Coyote HTTP/1.1 on http-8080
Feb 23, 2011 7:17:46 PM org.apache.jk.common.ChannelSocket init
INFO: JK: ajp13 listening on /0.0.0.0:8009
Feb 23, 2011 7:17:46 PM org.apache.jk.server.JkMain start
INFO: Jk running ID=0 time=0/51  config=null
Feb 23, 2011 7:17:46 PM org.apache.catalina.startup.Catalina start
INFO: Server startup in 2256 ms
Feb 23, 2011 7:23:42 PM org.apache.coyote.http11.Http11Protocol pause
INFO: Pausing Coyote HTTP/1.1 on http-8080
Feb 23, 2011 7:23:43 PM org.apache.catalina.core.StandardService stop
INFO: Stopping service Catalina
Feb 23, 2011 7:23:43 PM org.apache.catalina.loader.WebappClassLoader clearReferencesJdbc
SEVERE: The web application [] registered the JBDC driver [org.postgresql.Driver] but failed to unregister it when the web application was stopped. To prevent a memory leak, the JDBC Driver has been forcibly unregistered.
Feb 23, 2011 7:23:44 PM org.apache.catalina.loader.WebappClassLoader clearReferencesThreads
SEVERE: The web application [/manager] appears to have started a thread named [Poller SunPKCS11-Darwin] but has failed to stop it. This is very likely to create a memory leak.
Feb 23, 2011 7:23:44 PM org.apache.coyote.http11.Http11Protocol destroy
INFO: Stopping Coyote HTTP/1.1 on http-8080
Feb 23, 2011 7:24:08 PM org.apache.catalina.core.AprLifecycleListener init
INFO: The APR based Apache Tomcat Native library which allows optimal performance in production environments was not found on the java.library.path: .:/Library/Java/Extensions:/System/Library/Java/Extensions:/usr/lib/java
Feb 23, 2011 7:24:09 PM org.apache.coyote.http11.Http11Protocol init
INFO: Initializing Coyote HTTP/1.1 on http-8080
Feb 23, 2011 7:24:09 PM org.apache.catalina.startup.Catalina load
INFO: Initialization processed in 1030 ms
Feb 23, 2011 7:24:09 PM org.apache.catalina.core.StandardService start
INFO: Starting service Catalina
Feb 23, 2011 7:24:09 PM org.apache.catalina.core.StandardEngine start
INFO: Starting Servlet Engine: Apache Tomcat/6.0.29
Feb 23, 2011 7:24:09 PM org.apache.catalina.startup.HostConfig deployDescriptor
INFO: Deploying configuration descriptor manager.xml
Feb 23, 2011 7:24:09 PM org.apache.catalina.startup.HostConfig deployDirectory
INFO: Deploying web application directory ROOT
Feb 23, 2011 7:24:11 PM org.apache.coyote.http11.Http11Protocol start
INFO: Starting Coyote HTTP/1.1 on http-8080
Feb 23, 2011 7:24:11 PM org.apache.jk.common.ChannelSocket init
INFO: JK: ajp13 listening on /0.0.0.0:8009
Feb 23, 2011 7:24:11 PM org.apache.jk.server.JkMain start
INFO: Jk running ID=0 time=0/29  config=null
Feb 23, 2011 7:24:11 PM org.apache.catalina.startup.Catalina start
INFO: Server startup in 2269 ms
