Feb 6, 2011 4:53:03 AM org.apache.coyote.http11.Http11Protocol pause
INFO: Pausing Coyote HTTP/1.1 on http-8080
Feb 6, 2011 4:53:04 AM org.apache.catalina.core.StandardService stop
INFO: Stopping service Catalina
Feb 6, 2011 4:53:04 AM org.apache.catalina.loader.WebappClassLoader clearReferencesJdbc
SEVERE: The web application [] registered the JBDC driver [org.postgresql.Driver] but failed to unregister it when the web application was stopped. To prevent a memory leak, the JDBC Driver has been forcibly unregistered.
Feb 6, 2011 4:53:04 AM org.apache.catalina.loader.WebappClassLoader clearReferencesThreads
SEVERE: The web application [/manager] appears to have started a thread named [Poller SunPKCS11-Darwin] but has failed to stop it. This is very likely to create a memory leak.
Feb 6, 2011 4:53:05 AM org.apache.coyote.http11.Http11Protocol destroy
INFO: Stopping Coyote HTTP/1.1 on http-8080
Feb 6, 2011 4:53:06 AM org.apache.catalina.core.AprLifecycleListener init
INFO: The APR based Apache Tomcat Native library which allows optimal performance in production environments was not found on the java.library.path: .:/Library/Java/Extensions:/System/Library/Java/Extensions:/usr/lib/java
Feb 6, 2011 4:53:06 AM org.apache.coyote.http11.Http11Protocol init
INFO: Initializing Coyote HTTP/1.1 on http-8080
Feb 6, 2011 4:53:06 AM org.apache.catalina.startup.Catalina load
INFO: Initialization processed in 949 ms
Feb 6, 2011 4:53:07 AM org.apache.catalina.core.StandardService start
INFO: Starting service Catalina
Feb 6, 2011 4:53:07 AM org.apache.catalina.core.StandardEngine start
INFO: Starting Servlet Engine: Apache Tomcat/6.0.29
Feb 6, 2011 4:53:07 AM org.apache.catalina.startup.HostConfig deployDescriptor
INFO: Deploying configuration descriptor manager.xml
Feb 6, 2011 4:53:07 AM org.apache.catalina.startup.HostConfig deployWAR
INFO: Deploying web application archive quiz.war
Feb 6, 2011 4:53:07 AM org.apache.catalina.startup.HostConfig deployDirectory
INFO: Deploying web application directory ROOT
Feb 6, 2011 4:53:22 AM org.apache.coyote.http11.Http11Protocol start
INFO: Starting Coyote HTTP/1.1 on http-8080
Feb 6, 2011 4:53:22 AM org.apache.jk.common.ChannelSocket init
INFO: JK: ajp13 listening on /0.0.0.0:8009
Feb 6, 2011 4:53:22 AM org.apache.jk.server.JkMain start
INFO: Jk running ID=0 time=0/19  config=null
Feb 6, 2011 4:53:22 AM org.apache.catalina.startup.Catalina start
INFO: Server startup in 15764 ms
Feb 6, 2011 5:48:57 PM org.apache.catalina.core.StandardContext reload
INFO: Reloading this Context has started
Feb 6, 2011 5:48:57 PM org.apache.catalina.loader.WebappClassLoader clearReferencesJdbc
SEVERE: The web application [] registered the JBDC driver [org.postgresql.Driver] but failed to unregister it when the web application was stopped. To prevent a memory leak, the JDBC Driver has been forcibly unregistered.
Feb 6, 2011 5:52:18 PM org.apache.catalina.startup.HostConfig checkResources
INFO: Undeploying context [/quiz]
Feb 6, 2011 6:46:08 PM org.apache.catalina.startup.HostConfig checkResources
INFO: Reloading context []
Feb 6, 2011 6:46:11 PM org.apache.catalina.loader.WebappClassLoader clearReferencesJdbc
SEVERE: The web application [] registered the JBDC driver [org.postgresql.Driver] but failed to unregister it when the web application was stopped. To prevent a memory leak, the JDBC Driver has been forcibly unregistered.
Feb 6, 2011 6:46:14 PM org.apache.coyote.http11.Http11Protocol pause
INFO: Pausing Coyote HTTP/1.1 on http-8080
Feb 6, 2011 6:46:15 PM org.apache.catalina.core.StandardService stop
INFO: Stopping service Catalina
Feb 6, 2011 6:46:21 PM org.apache.catalina.loader.WebappClassLoader clearReferencesThreads
SEVERE: The web application [/manager] appears to have started a thread named [Poller SunPKCS11-Darwin] but has failed to stop it. This is very likely to create a memory leak.
Feb 6, 2011 6:46:21 PM org.apache.coyote.http11.Http11Protocol destroy
INFO: Stopping Coyote HTTP/1.1 on http-8080
Feb 6, 2011 6:46:25 PM org.apache.catalina.core.AprLifecycleListener init
INFO: The APR based Apache Tomcat Native library which allows optimal performance in production environments was not found on the java.library.path: .:/Library/Java/Extensions:/System/Library/Java/Extensions:/usr/lib/java
Feb 6, 2011 6:46:26 PM org.apache.coyote.http11.Http11Protocol init
INFO: Initializing Coyote HTTP/1.1 on http-8080
Feb 6, 2011 6:46:26 PM org.apache.catalina.startup.Catalina load
INFO: Initialization processed in 2185 ms
Feb 6, 2011 6:46:26 PM org.apache.catalina.core.StandardService start
INFO: Starting service Catalina
Feb 6, 2011 6:46:26 PM org.apache.catalina.core.StandardEngine start
INFO: Starting Servlet Engine: Apache Tomcat/6.0.29
Feb 6, 2011 6:46:26 PM org.apache.catalina.startup.HostConfig deployDescriptor
INFO: Deploying configuration descriptor manager.xml
Feb 6, 2011 6:46:28 PM org.apache.catalina.startup.HostConfig deployDirectory
INFO: Deploying web application directory ROOT
Feb 6, 2011 6:47:14 PM org.apache.coyote.http11.Http11Protocol start
INFO: Starting Coyote HTTP/1.1 on http-8080
Feb 6, 2011 6:47:14 PM org.apache.jk.common.ChannelSocket init
INFO: JK: ajp13 listening on /0.0.0.0:8009
Feb 6, 2011 6:47:14 PM org.apache.jk.server.JkMain start
INFO: Jk running ID=0 time=0/249  config=null
Feb 6, 2011 6:47:15 PM org.apache.catalina.startup.Catalina start
INFO: Server startup in 48935 ms
Feb 6, 2011 7:21:10 PM org.apache.coyote.http11.Http11Protocol pause
INFO: Pausing Coyote HTTP/1.1 on http-8080
Feb 6, 2011 7:21:11 PM org.apache.catalina.core.StandardService stop
INFO: Stopping service Catalina
Feb 6, 2011 7:21:11 PM org.apache.catalina.loader.WebappClassLoader clearReferencesJdbc
SEVERE: The web application [] registered the JBDC driver [org.postgresql.Driver] but failed to unregister it when the web application was stopped. To prevent a memory leak, the JDBC Driver has been forcibly unregistered.
Feb 6, 2011 7:21:11 PM org.apache.catalina.loader.WebappClassLoader clearReferencesThreads
SEVERE: The web application [/manager] appears to have started a thread named [Poller SunPKCS11-Darwin] but has failed to stop it. This is very likely to create a memory leak.
Feb 6, 2011 7:21:11 PM org.apache.coyote.http11.Http11Protocol destroy
INFO: Stopping Coyote HTTP/1.1 on http-8080
Feb 6, 2011 7:21:13 PM org.apache.catalina.core.AprLifecycleListener init
INFO: The APR based Apache Tomcat Native library which allows optimal performance in production environments was not found on the java.library.path: .:/Library/Java/Extensions:/System/Library/Java/Extensions:/usr/lib/java
Feb 6, 2011 7:21:13 PM org.apache.coyote.http11.Http11Protocol init
INFO: Initializing Coyote HTTP/1.1 on http-8080
Feb 6, 2011 7:21:13 PM org.apache.catalina.startup.Catalina load
INFO: Initialization processed in 806 ms
Feb 6, 2011 7:21:13 PM org.apache.catalina.core.StandardService start
INFO: Starting service Catalina
Feb 6, 2011 7:21:13 PM org.apache.catalina.core.StandardEngine start
INFO: Starting Servlet Engine: Apache Tomcat/6.0.29
Feb 6, 2011 7:21:13 PM org.apache.catalina.startup.HostConfig deployDescriptor
INFO: Deploying configuration descriptor manager.xml
Feb 6, 2011 7:21:13 PM org.apache.catalina.startup.HostConfig deployDirectory
INFO: Deploying web application directory ROOT
Feb 6, 2011 7:21:28 PM org.apache.coyote.http11.Http11Protocol start
INFO: Starting Coyote HTTP/1.1 on http-8080
Feb 6, 2011 7:21:28 PM org.apache.jk.common.ChannelSocket init
INFO: JK: ajp13 listening on /0.0.0.0:8009
Feb 6, 2011 7:21:28 PM org.apache.jk.server.JkMain start
INFO: Jk running ID=0 time=0/17  config=null
Feb 6, 2011 7:21:28 PM org.apache.catalina.startup.Catalina start
INFO: Server startup in 15429 ms
Feb 6, 2011 9:13:03 PM org.apache.catalina.startup.HostConfig checkResources
INFO: Reloading context []
Feb 6, 2011 9:13:04 PM org.apache.catalina.loader.WebappClassLoader clearReferencesJdbc
SEVERE: The web application [] registered the JBDC driver [org.postgresql.Driver] but failed to unregister it when the web application was stopped. To prevent a memory leak, the JDBC Driver has been forcibly unregistered.
Feb 6, 2011 9:13:04 PM org.apache.catalina.loader.WebappClassLoader validateJarFile
INFO: validateJarFile(/Users/julianfleischer/Projects/score/trunk/tomcat/webapps/ROOT/WEB-INF/lib/servlet-api-2.5-20081211.jar) - jar not loaded. See Servlet Spec 2.3, section 9.7.2. Offending class: javax/servlet/Servlet.class
Feb 6, 2011 9:13:06 PM org.apache.coyote.http11.Http11Protocol pause
INFO: Pausing Coyote HTTP/1.1 on http-8080
Feb 6, 2011 9:13:07 PM org.apache.catalina.core.StandardService stop
INFO: Stopping service Catalina
Feb 6, 2011 9:13:07 PM org.apache.catalina.loader.WebappClassLoader clearReferencesThreads
SEVERE: The web application [/manager] appears to have started a thread named [Poller SunPKCS11-Darwin] but has failed to stop it. This is very likely to create a memory leak.
Feb 6, 2011 9:13:07 PM org.apache.coyote.http11.Http11Protocol destroy
INFO: Stopping Coyote HTTP/1.1 on http-8080
Feb 6, 2011 9:13:10 PM org.apache.catalina.core.AprLifecycleListener init
INFO: The APR based Apache Tomcat Native library which allows optimal performance in production environments was not found on the java.library.path: .:/Library/Java/Extensions:/System/Library/Java/Extensions:/usr/lib/java
Feb 6, 2011 9:13:10 PM org.apache.coyote.http11.Http11Protocol init
INFO: Initializing Coyote HTTP/1.1 on http-8080
Feb 6, 2011 9:13:10 PM org.apache.catalina.startup.Catalina load
INFO: Initialization processed in 1373 ms
Feb 6, 2011 9:13:10 PM org.apache.catalina.core.StandardService start
INFO: Starting service Catalina
Feb 6, 2011 9:13:10 PM org.apache.catalina.core.StandardEngine start
INFO: Starting Servlet Engine: Apache Tomcat/6.0.29
Feb 6, 2011 9:13:10 PM org.apache.catalina.startup.HostConfig deployDescriptor
INFO: Deploying configuration descriptor manager.xml
Feb 6, 2011 9:13:11 PM org.apache.catalina.startup.HostConfig deployDirectory
INFO: Deploying web application directory ROOT
Feb 6, 2011 9:13:11 PM org.apache.catalina.loader.WebappClassLoader validateJarFile
INFO: validateJarFile(/Users/julianfleischer/Projects/score/trunk/tomcat/webapps/ROOT/WEB-INF/lib/servlet-api-2.5-20081211.jar) - jar not loaded. See Servlet Spec 2.3, section 9.7.2. Offending class: javax/servlet/Servlet.class
Feb 6, 2011 9:13:36 PM org.apache.coyote.http11.Http11Protocol start
INFO: Starting Coyote HTTP/1.1 on http-8080
Feb 6, 2011 9:13:36 PM org.apache.jk.common.ChannelSocket init
INFO: JK: ajp13 listening on /0.0.0.0:8009
Feb 6, 2011 9:13:36 PM org.apache.jk.server.JkMain start
INFO: Jk running ID=0 time=0/52  config=null
Feb 6, 2011 9:13:36 PM org.apache.catalina.startup.Catalina start
INFO: Server startup in 26073 ms
Feb 6, 2011 9:48:24 PM org.apache.coyote.http11.Http11Protocol pause
INFO: Pausing Coyote HTTP/1.1 on http-8080
Feb 6, 2011 9:48:25 PM org.apache.catalina.core.StandardService stop
INFO: Stopping service Catalina
Feb 6, 2011 9:48:25 PM org.apache.catalina.loader.WebappClassLoader clearReferencesJdbc
SEVERE: The web application [] registered the JBDC driver [org.postgresql.Driver] but failed to unregister it when the web application was stopped. To prevent a memory leak, the JDBC Driver has been forcibly unregistered.
Feb 6, 2011 9:48:25 PM org.apache.catalina.loader.WebappClassLoader clearReferencesThreads
SEVERE: The web application [/manager] appears to have started a thread named [Poller SunPKCS11-Darwin] but has failed to stop it. This is very likely to create a memory leak.
Feb 6, 2011 9:48:25 PM org.apache.coyote.http11.Http11Protocol destroy
INFO: Stopping Coyote HTTP/1.1 on http-8080
Feb 6, 2011 9:48:27 PM org.apache.catalina.core.AprLifecycleListener init
INFO: The APR based Apache Tomcat Native library which allows optimal performance in production environments was not found on the java.library.path: .:/Library/Java/Extensions:/System/Library/Java/Extensions:/usr/lib/java
Feb 6, 2011 9:48:27 PM org.apache.coyote.http11.Http11Protocol init
INFO: Initializing Coyote HTTP/1.1 on http-8080
Feb 6, 2011 9:48:27 PM org.apache.catalina.startup.Catalina load
INFO: Initialization processed in 746 ms
Feb 6, 2011 9:48:27 PM org.apache.catalina.core.StandardService start
INFO: Starting service Catalina
Feb 6, 2011 9:48:27 PM org.apache.catalina.core.StandardEngine start
INFO: Starting Servlet Engine: Apache Tomcat/6.0.29
Feb 6, 2011 9:48:27 PM org.apache.catalina.startup.HostConfig deployDescriptor
INFO: Deploying configuration descriptor manager.xml
Feb 6, 2011 9:48:27 PM org.apache.catalina.startup.HostConfig deployDirectory
INFO: Deploying web application directory ROOT
Feb 6, 2011 9:48:27 PM org.apache.catalina.loader.WebappClassLoader validateJarFile
INFO: validateJarFile(/Users/julianfleischer/Projects/score/trunk/tomcat/webapps/ROOT/WEB-INF/lib/servlet-api-2.5-20081211.jar) - jar not loaded. See Servlet Spec 2.3, section 9.7.2. Offending class: javax/servlet/Servlet.class
Feb 6, 2011 9:48:41 PM org.apache.coyote.http11.Http11Protocol start
INFO: Starting Coyote HTTP/1.1 on http-8080
Feb 6, 2011 9:48:42 PM org.apache.jk.common.ChannelSocket init
INFO: JK: ajp13 listening on /0.0.0.0:8009
Feb 6, 2011 9:48:42 PM org.apache.jk.server.JkMain start
INFO: Jk running ID=0 time=0/18  config=null
Feb 6, 2011 9:48:42 PM org.apache.catalina.startup.Catalina start
INFO: Server startup in 14704 ms
Feb 6, 2011 9:53:19 PM org.apache.coyote.http11.Http11Protocol pause
INFO: Pausing Coyote HTTP/1.1 on http-8080
Feb 6, 2011 9:53:20 PM org.apache.catalina.core.StandardService stop
INFO: Stopping service Catalina
Feb 6, 2011 9:53:20 PM org.apache.catalina.loader.WebappClassLoader clearReferencesJdbc
SEVERE: The web application [] registered the JBDC driver [org.postgresql.Driver] but failed to unregister it when the web application was stopped. To prevent a memory leak, the JDBC Driver has been forcibly unregistered.
Feb 6, 2011 9:53:20 PM org.apache.catalina.loader.WebappClassLoader clearReferencesThreads
SEVERE: The web application [/manager] appears to have started a thread named [Poller SunPKCS11-Darwin] but has failed to stop it. This is very likely to create a memory leak.
Feb 6, 2011 9:53:20 PM org.apache.coyote.http11.Http11Protocol destroy
INFO: Stopping Coyote HTTP/1.1 on http-8080
Feb 6, 2011 9:53:22 PM org.apache.catalina.core.AprLifecycleListener init
INFO: The APR based Apache Tomcat Native library which allows optimal performance in production environments was not found on the java.library.path: .:/Library/Java/Extensions:/System/Library/Java/Extensions:/usr/lib/java
Feb 6, 2011 9:53:22 PM org.apache.coyote.http11.Http11Protocol init
INFO: Initializing Coyote HTTP/1.1 on http-8080
Feb 6, 2011 9:53:22 PM org.apache.catalina.startup.Catalina load
INFO: Initialization processed in 830 ms
Feb 6, 2011 9:53:22 PM org.apache.catalina.core.StandardService start
INFO: Starting service Catalina
Feb 6, 2011 9:53:22 PM org.apache.catalina.core.StandardEngine start
INFO: Starting Servlet Engine: Apache Tomcat/6.0.29
Feb 6, 2011 9:53:22 PM org.apache.catalina.startup.HostConfig deployDescriptor
INFO: Deploying configuration descriptor manager.xml
Feb 6, 2011 9:53:23 PM org.apache.catalina.startup.HostConfig deployDirectory
INFO: Deploying web application directory ROOT
Feb 6, 2011 9:53:23 PM org.apache.catalina.loader.WebappClassLoader validateJarFile
INFO: validateJarFile(/Users/julianfleischer/Projects/score/trunk/tomcat/webapps/ROOT/WEB-INF/lib/servlet-api-2.5-20081211.jar) - jar not loaded. See Servlet Spec 2.3, section 9.7.2. Offending class: javax/servlet/Servlet.class
Feb 6, 2011 9:53:31 PM org.apache.coyote.http11.Http11Protocol start
INFO: Starting Coyote HTTP/1.1 on http-8080
Feb 6, 2011 9:53:31 PM org.apache.jk.common.ChannelSocket init
INFO: JK: ajp13 listening on /0.0.0.0:8009
Feb 6, 2011 9:53:31 PM org.apache.jk.server.JkMain start
INFO: Jk running ID=0 time=0/49  config=null
Feb 6, 2011 9:53:31 PM org.apache.catalina.startup.Catalina start
INFO: Server startup in 9036 ms
Feb 6, 2011 9:53:35 PM org.apache.coyote.http11.Http11Protocol pause
INFO: Pausing Coyote HTTP/1.1 on http-8080
Feb 6, 2011 9:53:36 PM org.apache.catalina.core.StandardService stop
INFO: Stopping service Catalina
Feb 6, 2011 9:53:36 PM org.apache.catalina.loader.WebappClassLoader clearReferencesJdbc
SEVERE: The web application [] registered the JBDC driver [org.postgresql.Driver] but failed to unregister it when the web application was stopped. To prevent a memory leak, the JDBC Driver has been forcibly unregistered.
Feb 6, 2011 9:53:36 PM org.apache.catalina.loader.WebappClassLoader clearReferencesThreads
SEVERE: The web application [/manager] appears to have started a thread named [Poller SunPKCS11-Darwin] but has failed to stop it. This is very likely to create a memory leak.
Feb 6, 2011 9:53:36 PM org.apache.coyote.http11.Http11Protocol destroy
INFO: Stopping Coyote HTTP/1.1 on http-8080
Feb 6, 2011 9:53:37 PM org.apache.catalina.core.AprLifecycleListener init
INFO: The APR based Apache Tomcat Native library which allows optimal performance in production environments was not found on the java.library.path: .:/Library/Java/Extensions:/System/Library/Java/Extensions:/usr/lib/java
Feb 6, 2011 9:53:38 PM org.apache.coyote.http11.Http11Protocol init
INFO: Initializing Coyote HTTP/1.1 on http-8080
Feb 6, 2011 9:53:38 PM org.apache.catalina.startup.Catalina load
INFO: Initialization processed in 744 ms
Feb 6, 2011 9:53:38 PM org.apache.catalina.core.StandardService start
INFO: Starting service Catalina
Feb 6, 2011 9:53:38 PM org.apache.catalina.core.StandardEngine start
INFO: Starting Servlet Engine: Apache Tomcat/6.0.29
Feb 6, 2011 9:53:38 PM org.apache.catalina.startup.HostConfig deployDescriptor
INFO: Deploying configuration descriptor manager.xml
Feb 6, 2011 9:53:38 PM org.apache.catalina.startup.HostConfig deployDirectory
INFO: Deploying web application directory ROOT
Feb 6, 2011 9:53:38 PM org.apache.catalina.loader.WebappClassLoader validateJarFile
INFO: validateJarFile(/Users/julianfleischer/Projects/score/trunk/tomcat/webapps/ROOT/WEB-INF/lib/servlet-api-2.5-20081211.jar) - jar not loaded. See Servlet Spec 2.3, section 9.7.2. Offending class: javax/servlet/Servlet.class
Feb 6, 2011 9:53:52 PM org.apache.coyote.http11.Http11Protocol start
INFO: Starting Coyote HTTP/1.1 on http-8080
Feb 6, 2011 9:53:52 PM org.apache.jk.common.ChannelSocket init
INFO: JK: ajp13 listening on /0.0.0.0:8009
Feb 6, 2011 9:53:52 PM org.apache.jk.server.JkMain start
INFO: Jk running ID=0 time=1/24  config=null
Feb 6, 2011 9:53:52 PM org.apache.catalina.startup.Catalina start
INFO: Server startup in 14449 ms
Feb 6, 2011 9:56:31 PM org.apache.coyote.http11.Http11Protocol pause
INFO: Pausing Coyote HTTP/1.1 on http-8080
Feb 6, 2011 9:56:32 PM org.apache.catalina.startup.HostConfig checkResources
INFO: Reloading context []
Feb 6, 2011 9:56:32 PM org.apache.catalina.loader.WebappClassLoader clearReferencesJdbc
SEVERE: The web application [] registered the JBDC driver [org.postgresql.Driver] but failed to unregister it when the web application was stopped. To prevent a memory leak, the JDBC Driver has been forcibly unregistered.
Feb 6, 2011 9:56:32 PM org.apache.catalina.loader.WebappClassLoader validateJarFile
INFO: validateJarFile(/Users/julianfleischer/Projects/score/trunk/tomcat/webapps/ROOT/WEB-INF/lib/servlet-api-2.5-20081211.jar) - jar not loaded. See Servlet Spec 2.3, section 9.7.2. Offending class: javax/servlet/Servlet.class
Feb 6, 2011 9:56:32 PM org.apache.catalina.core.StandardService stop
INFO: Stopping service Catalina
Feb 6, 2011 9:56:33 PM org.apache.catalina.loader.WebappClassLoader clearReferencesThreads
SEVERE: The web application [/manager] appears to have started a thread named [Poller SunPKCS11-Darwin] but has failed to stop it. This is very likely to create a memory leak.
Feb 6, 2011 9:56:33 PM org.apache.coyote.http11.Http11Protocol destroy
INFO: Stopping Coyote HTTP/1.1 on http-8080
Feb 6, 2011 9:56:35 PM org.apache.catalina.core.AprLifecycleListener init
INFO: The APR based Apache Tomcat Native library which allows optimal performance in production environments was not found on the java.library.path: .:/Library/Java/Extensions:/System/Library/Java/Extensions:/usr/lib/java
Feb 6, 2011 9:56:35 PM org.apache.coyote.http11.Http11Protocol init
INFO: Initializing Coyote HTTP/1.1 on http-8080
Feb 6, 2011 9:56:35 PM org.apache.catalina.startup.Catalina load
INFO: Initialization processed in 772 ms
Feb 6, 2011 9:56:35 PM org.apache.catalina.core.StandardService start
INFO: Starting service Catalina
Feb 6, 2011 9:56:35 PM org.apache.catalina.core.StandardEngine start
INFO: Starting Servlet Engine: Apache Tomcat/6.0.29
Feb 6, 2011 9:56:35 PM org.apache.catalina.startup.HostConfig deployDescriptor
INFO: Deploying configuration descriptor manager.xml
Feb 6, 2011 9:56:35 PM org.apache.catalina.startup.HostConfig deployDirectory
INFO: Deploying web application directory ROOT
Feb 6, 2011 9:56:35 PM org.apache.catalina.loader.WebappClassLoader validateJarFile
INFO: validateJarFile(/Users/julianfleischer/Projects/score/trunk/tomcat/webapps/ROOT/WEB-INF/lib/servlet-api-2.5-20081211.jar) - jar not loaded. See Servlet Spec 2.3, section 9.7.2. Offending class: javax/servlet/Servlet.class
Feb 6, 2011 9:56:49 PM org.apache.coyote.http11.Http11Protocol start
INFO: Starting Coyote HTTP/1.1 on http-8080
Feb 6, 2011 9:56:49 PM org.apache.jk.common.ChannelSocket init
INFO: JK: ajp13 listening on /0.0.0.0:8009
Feb 6, 2011 9:56:49 PM org.apache.jk.server.JkMain start
INFO: Jk running ID=0 time=0/18  config=null
Feb 6, 2011 9:56:49 PM org.apache.catalina.startup.Catalina start
INFO: Server startup in 14699 ms
Feb 6, 2011 10:06:48 PM org.apache.coyote.http11.Http11Protocol pause
INFO: Pausing Coyote HTTP/1.1 on http-8080
Feb 6, 2011 10:06:49 PM org.apache.catalina.core.StandardService stop
INFO: Stopping service Catalina
Feb 6, 2011 10:06:49 PM org.apache.catalina.loader.WebappClassLoader clearReferencesJdbc
SEVERE: The web application [] registered the JBDC driver [org.postgresql.Driver] but failed to unregister it when the web application was stopped. To prevent a memory leak, the JDBC Driver has been forcibly unregistered.
Feb 6, 2011 10:06:49 PM org.apache.catalina.loader.WebappClassLoader clearReferencesThreads
SEVERE: The web application [/manager] appears to have started a thread named [Poller SunPKCS11-Darwin] but has failed to stop it. This is very likely to create a memory leak.
Feb 6, 2011 10:06:49 PM org.apache.coyote.http11.Http11Protocol destroy
INFO: Stopping Coyote HTTP/1.1 on http-8080
Feb 6, 2011 10:06:50 PM org.apache.catalina.core.AprLifecycleListener init
INFO: The APR based Apache Tomcat Native library which allows optimal performance in production environments was not found on the java.library.path: .:/Library/Java/Extensions:/System/Library/Java/Extensions:/usr/lib/java
Feb 6, 2011 10:06:51 PM org.apache.coyote.http11.Http11Protocol init
INFO: Initializing Coyote HTTP/1.1 on http-8080
Feb 6, 2011 10:06:51 PM org.apache.catalina.startup.Catalina load
INFO: Initialization processed in 721 ms
Feb 6, 2011 10:06:51 PM org.apache.catalina.core.StandardService start
INFO: Starting service Catalina
Feb 6, 2011 10:06:51 PM org.apache.catalina.core.StandardEngine start
INFO: Starting Servlet Engine: Apache Tomcat/6.0.29
Feb 6, 2011 10:06:51 PM org.apache.catalina.startup.HostConfig deployDescriptor
INFO: Deploying configuration descriptor manager.xml
Feb 6, 2011 10:06:51 PM org.apache.catalina.startup.HostConfig deployDirectory
INFO: Deploying web application directory ROOT
Feb 6, 2011 10:06:52 PM org.apache.coyote.http11.Http11Protocol start
INFO: Starting Coyote HTTP/1.1 on http-8080
Feb 6, 2011 10:06:53 PM org.apache.jk.common.ChannelSocket init
INFO: JK: ajp13 listening on /0.0.0.0:8009
Feb 6, 2011 10:06:53 PM org.apache.jk.server.JkMain start
INFO: Jk running ID=0 time=1/82  config=null
Feb 6, 2011 10:06:53 PM org.apache.catalina.startup.Catalina start
INFO: Server startup in 1979 ms
Feb 6, 2011 10:17:38 PM org.apache.coyote.http11.Http11Protocol pause
INFO: Pausing Coyote HTTP/1.1 on http-8080
Feb 6, 2011 10:17:39 PM org.apache.catalina.core.StandardService stop
INFO: Stopping service Catalina
Feb 6, 2011 10:17:39 PM org.apache.catalina.loader.WebappClassLoader clearReferencesJdbc
SEVERE: The web application [] registered the JBDC driver [org.postgresql.Driver] but failed to unregister it when the web application was stopped. To prevent a memory leak, the JDBC Driver has been forcibly unregistered.
Feb 6, 2011 10:17:40 PM org.apache.catalina.loader.WebappClassLoader clearReferencesThreads
SEVERE: The web application [/manager] appears to have started a thread named [Poller SunPKCS11-Darwin] but has failed to stop it. This is very likely to create a memory leak.
Feb 6, 2011 10:17:40 PM org.apache.coyote.http11.Http11Protocol destroy
INFO: Stopping Coyote HTTP/1.1 on http-8080
Feb 6, 2011 10:18:32 PM org.apache.catalina.core.AprLifecycleListener init
INFO: The APR based Apache Tomcat Native library which allows optimal performance in production environments was not found on the java.library.path: .:/Library/Java/Extensions:/System/Library/Java/Extensions:/usr/lib/java
Feb 6, 2011 10:18:32 PM org.apache.coyote.http11.Http11Protocol init
INFO: Initializing Coyote HTTP/1.1 on http-8080
Feb 6, 2011 10:18:32 PM org.apache.catalina.startup.Catalina load
INFO: Initialization processed in 732 ms
Feb 6, 2011 10:18:32 PM org.apache.catalina.core.StandardService start
INFO: Starting service Catalina
Feb 6, 2011 10:18:32 PM org.apache.catalina.core.StandardEngine start
INFO: Starting Servlet Engine: Apache Tomcat/6.0.29
Feb 6, 2011 10:18:32 PM org.apache.catalina.startup.HostConfig deployDescriptor
INFO: Deploying configuration descriptor manager.xml
Feb 6, 2011 10:18:33 PM org.apache.catalina.startup.HostConfig deployDirectory
INFO: Deploying web application directory ROOT
Feb 6, 2011 10:18:34 PM org.apache.coyote.http11.Http11Protocol start
INFO: Starting Coyote HTTP/1.1 on http-8080
Feb 6, 2011 10:18:35 PM org.apache.jk.common.ChannelSocket init
INFO: JK: ajp13 listening on /0.0.0.0:8009
Feb 6, 2011 10:18:35 PM org.apache.jk.server.JkMain start
INFO: Jk running ID=0 time=0/98  config=null
Feb 6, 2011 10:18:35 PM org.apache.catalina.startup.Catalina start
INFO: Server startup in 2404 ms
Feb 6, 2011 10:19:04 PM org.apache.coyote.http11.Http11Protocol pause
INFO: Pausing Coyote HTTP/1.1 on http-8080
Feb 6, 2011 10:19:05 PM org.apache.catalina.core.StandardService stop
INFO: Stopping service Catalina
Feb 6, 2011 10:19:05 PM org.apache.catalina.loader.WebappClassLoader clearReferencesJdbc
SEVERE: The web application [] registered the JBDC driver [org.postgresql.Driver] but failed to unregister it when the web application was stopped. To prevent a memory leak, the JDBC Driver has been forcibly unregistered.
Feb 6, 2011 10:19:05 PM org.apache.catalina.loader.WebappClassLoader clearReferencesThreads
SEVERE: The web application [/manager] appears to have started a thread named [Poller SunPKCS11-Darwin] but has failed to stop it. This is very likely to create a memory leak.
Feb 6, 2011 10:19:05 PM org.apache.coyote.http11.Http11Protocol destroy
INFO: Stopping Coyote HTTP/1.1 on http-8080
Feb 6, 2011 10:19:23 PM org.apache.catalina.core.AprLifecycleListener init
INFO: The APR based Apache Tomcat Native library which allows optimal performance in production environments was not found on the java.library.path: .:/Library/Java/Extensions:/System/Library/Java/Extensions:/usr/lib/java
Feb 6, 2011 10:19:23 PM org.apache.coyote.http11.Http11Protocol init
INFO: Initializing Coyote HTTP/1.1 on http-8080
Feb 6, 2011 10:19:23 PM org.apache.catalina.startup.Catalina load
INFO: Initialization processed in 729 ms
Feb 6, 2011 10:19:23 PM org.apache.catalina.core.StandardService start
INFO: Starting service Catalina
Feb 6, 2011 10:19:23 PM org.apache.catalina.core.StandardEngine start
INFO: Starting Servlet Engine: Apache Tomcat/6.0.29
Feb 6, 2011 10:19:23 PM org.apache.catalina.startup.HostConfig deployDescriptor
INFO: Deploying configuration descriptor manager.xml
Feb 6, 2011 10:19:23 PM org.apache.catalina.startup.HostConfig deployDirectory
INFO: Deploying web application directory ROOT
Feb 6, 2011 10:19:25 PM org.apache.coyote.http11.Http11Protocol start
INFO: Starting Coyote HTTP/1.1 on http-8080
Feb 6, 2011 10:19:25 PM org.apache.jk.common.ChannelSocket init
INFO: JK: ajp13 listening on /0.0.0.0:8009
Feb 6, 2011 10:19:25 PM org.apache.jk.server.JkMain start
INFO: Jk running ID=0 time=0/117  config=null
Feb 6, 2011 10:19:25 PM org.apache.catalina.startup.Catalina start
INFO: Server startup in 1998 ms
