Mar 1, 2011 12:30:43 AM org.apache.catalina.core.StandardWrapperValve invoke
SEVERE: Servlet.service() for servlet Scetris threw exception
com.sun.org.apache.xalan.internal.xsltc.TransletException: ClientAbortException:  java.net.SocketException: Broken pipe
	at com.sun.org.apache.xalan.internal.xsltc.runtime.AbstractTranslet.characters(AbstractTranslet.java:620)
	at people.show$dash$lecturer()
	at people.lecturers()
	at people.lecturers()
	at people.http$colon$$slash$$slash$www$dot$w3$dot$org$slash$1999$slash$xhtml$colon$template$dot$18()
	at people.applyTemplates8()
	at people.global$dash$main()
	at people.http$colon$$slash$$slash$www$dot$w3$dot$org$slash$1999$slash$xhtml$colon$template$dot$0()
	at people.applyTemplates()
	at people.transform()
	at com.sun.org.apache.xalan.internal.xsltc.runtime.AbstractTranslet.transform(AbstractTranslet.java:602)
	at com.sun.org.apache.xalan.internal.xsltc.trax.TransformerImpl.transform(TransformerImpl.java:709)
	at com.sun.org.apache.xalan.internal.xsltc.trax.TransformerImpl.transform(TransformerImpl.java:313)
	at de.fu.weave.impl.frigg.FriggWeavlet.responsePerform(Unknown Source)
	at de.fu.weave.impl.frigg.FriggWeavlet.answerRequest(Unknown Source)
	at de.fu.weave.impl.BaseWeavlet.doGet(Unknown Source)
	at javax.servlet.http.HttpServlet.service(HttpServlet.java:617)
	at javax.servlet.http.HttpServlet.service(HttpServlet.java:717)
	at org.apache.catalina.core.ApplicationFilterChain.internalDoFilter(ApplicationFilterChain.java:290)
	at org.apache.catalina.core.ApplicationFilterChain.doFilter(ApplicationFilterChain.java:206)
	at org.apache.catalina.core.StandardWrapperValve.invoke(StandardWrapperValve.java:233)
	at org.apache.catalina.core.StandardContextValve.invoke(StandardContextValve.java:191)
	at org.apache.catalina.core.StandardHostValve.invoke(StandardHostValve.java:127)
	at org.apache.catalina.valves.ErrorReportValve.invoke(ErrorReportValve.java:102)
	at org.apache.catalina.core.StandardEngineValve.invoke(StandardEngineValve.java:109)
	at org.apache.catalina.connector.CoyoteAdapter.service(CoyoteAdapter.java:298)
	at org.apache.coyote.http11.Http11Processor.process(Http11Processor.java:857)
	at org.apache.coyote.http11.Http11Protocol$Http11ConnectionHandler.process(Http11Protocol.java:588)
	at org.apache.tomcat.util.net.JIoEndpoint$Worker.run(JIoEndpoint.java:489)
	at java.lang.Thread.run(Thread.java:680)
Mar 1, 2011 12:30:46 AM org.apache.catalina.core.StandardWrapperValve invoke
SEVERE: Servlet.service() for servlet Scetris threw exception
com.sun.org.apache.xalan.internal.xsltc.TransletException: ClientAbortException:  java.net.SocketException: Broken pipe
	at com.sun.org.apache.xalan.internal.xsltc.runtime.AbstractTranslet.characters(AbstractTranslet.java:620)
	at people.show$dash$lecturer()
	at people.lecturers()
	at people.lecturers()
	at people.http$colon$$slash$$slash$www$dot$w3$dot$org$slash$1999$slash$xhtml$colon$template$dot$18()
	at people.applyTemplates8()
	at people.global$dash$main()
	at people.http$colon$$slash$$slash$www$dot$w3$dot$org$slash$1999$slash$xhtml$colon$template$dot$0()
	at people.applyTemplates()
	at people.transform()
	at com.sun.org.apache.xalan.internal.xsltc.runtime.AbstractTranslet.transform(AbstractTranslet.java:602)
	at com.sun.org.apache.xalan.internal.xsltc.trax.TransformerImpl.transform(TransformerImpl.java:709)
	at com.sun.org.apache.xalan.internal.xsltc.trax.TransformerImpl.transform(TransformerImpl.java:313)
	at de.fu.weave.impl.frigg.FriggWeavlet.responsePerform(Unknown Source)
	at de.fu.weave.impl.frigg.FriggWeavlet.answerRequest(Unknown Source)
	at de.fu.weave.impl.BaseWeavlet.doGet(Unknown Source)
	at javax.servlet.http.HttpServlet.service(HttpServlet.java:617)
	at javax.servlet.http.HttpServlet.service(HttpServlet.java:717)
	at org.apache.catalina.core.ApplicationFilterChain.internalDoFilter(ApplicationFilterChain.java:290)
	at org.apache.catalina.core.ApplicationFilterChain.doFilter(ApplicationFilterChain.java:206)
	at org.apache.catalina.core.StandardWrapperValve.invoke(StandardWrapperValve.java:233)
	at org.apache.catalina.core.StandardContextValve.invoke(StandardContextValve.java:191)
	at org.apache.catalina.core.StandardHostValve.invoke(StandardHostValve.java:127)
	at org.apache.catalina.valves.ErrorReportValve.invoke(ErrorReportValve.java:102)
	at org.apache.catalina.core.StandardEngineValve.invoke(StandardEngineValve.java:109)
	at org.apache.catalina.connector.CoyoteAdapter.service(CoyoteAdapter.java:298)
	at org.apache.coyote.http11.Http11Processor.process(Http11Processor.java:857)
	at org.apache.coyote.http11.Http11Protocol$Http11ConnectionHandler.process(Http11Protocol.java:588)
	at org.apache.tomcat.util.net.JIoEndpoint$Worker.run(JIoEndpoint.java:489)
	at java.lang.Thread.run(Thread.java:680)
