Feb 28, 2011 10:34:44 AM org.apache.catalina.core.StandardWrapperValve invoke
SEVERE: Servlet.service() for servlet Scetris threw exception
java.lang.OutOfMemoryError: Java heap space
	at java.util.Arrays.copyOf(Arrays.java:2734)
	at java.util.Vector.ensureCapacityHelper(Vector.java:226)
	at java.util.Vector.addElement(Vector.java:573)
	at com.sun.org.apache.xml.internal.dtm.ref.sax2dtm.SAX2DTM2.startElement(SAX2DTM2.java:2168)
	at com.sun.org.apache.xalan.internal.xsltc.dom.SAXImpl.startElement(SAXImpl.java:917)
	at com.sun.org.apache.xml.internal.serializer.ToXMLSAXHandler.closeStartTag(ToXMLSAXHandler.java:204)
	at com.sun.org.apache.xml.internal.serializer.ToXMLSAXHandler.characters(ToXMLSAXHandler.java:524)
	at com.sun.org.apache.xml.internal.serializer.ToXMLSAXHandler.characters(ToXMLSAXHandler.java:467)
	at com.sun.org.apache.xalan.internal.xsltc.runtime.AbstractTranslet.characters(AbstractTranslet.java:618)
	at admin_createProgram.http$colon$$slash$$slash$www$dot$w3$dot$org$slash$1999$slash$xhtml$colon$template$dot$49()
	at admin_createProgram.applyTemplates()
	at admin_createProgram.applyTemplates()
	at admin_createProgram.http$colon$$slash$$slash$www$dot$w3$dot$org$slash$1999$slash$xhtml$colon$template$dot$48()
	at admin_createProgram.applyTemplates8()
	at admin_createProgram.global$dash$main()
	at admin_createProgram.http$colon$$slash$$slash$www$dot$w3$dot$org$slash$1999$slash$xhtml$colon$template$dot$0()
	at admin_createProgram.applyTemplates()
	at admin_createProgram.transform()
	at com.sun.org.apache.xalan.internal.xsltc.runtime.AbstractTranslet.transform(AbstractTranslet.java:602)
	at com.sun.org.apache.xalan.internal.xsltc.trax.TransformerImpl.transform(TransformerImpl.java:709)
	at com.sun.org.apache.xalan.internal.xsltc.trax.TransformerImpl.transform(TransformerImpl.java:313)
	at de.fu.weave.impl.frigg.FriggWeavlet.responsePerform(Unknown Source)
	at de.fu.weave.impl.frigg.FriggWeavlet.answerRequest(Unknown Source)
	at de.fu.weave.impl.BaseWeavlet.doGet(Unknown Source)
	at javax.servlet.http.HttpServlet.service(HttpServlet.java:617)
	at javax.servlet.http.HttpServlet.service(HttpServlet.java:717)
	at org.apache.catalina.core.ApplicationFilterChain.internalDoFilter(ApplicationFilterChain.java:290)
	at org.apache.catalina.core.ApplicationFilterChain.doFilter(ApplicationFilterChain.java:206)
	at org.apache.catalina.core.StandardWrapperValve.invoke(StandardWrapperValve.java:233)
	at org.apache.catalina.core.StandardContextValve.invoke(StandardContextValve.java:191)
	at org.apache.catalina.core.StandardHostValve.invoke(StandardHostValve.java:127)
	at org.apache.catalina.valves.ErrorReportValve.invoke(ErrorReportValve.java:102)
Feb 28, 2011 12:05:43 PM org.apache.catalina.core.StandardWrapperValve invoke
SEVERE: Servlet.service() for servlet Scetris threw exception
java.lang.OutOfMemoryError: Java heap space
	at com.sun.org.apache.xalan.internal.xsltc.util.IntegerArray.<init>(IntegerArray.java:37)
	at com.sun.org.apache.xalan.internal.xsltc.util.IntegerArray.clone(IntegerArray.java:50)
	at com.sun.org.apache.xalan.internal.xsltc.dom.DupFilterIterator.cloneIterator(DupFilterIterator.java:123)
	at com.sun.org.apache.xalan.internal.xsltc.dom.AbsoluteIterator.cloneIterator(AbsoluteIterator.java:73)
	at com.sun.org.apache.xalan.internal.xsltc.dom.CurrentNodeListIterator.cloneIterator(CurrentNodeListIterator.java:117)
	at com.sun.org.apache.xalan.internal.xsltc.runtime.BasisLibrary.referenceToNodeSet(BasisLibrary.java:995)
	at people.rekurs()
	at people.rekurs()
	at people.rekurs()
	at people.rekurs()
	at people.rekurs()
	at people.rekurs()
	at people.rekurs()
	at people.rekurs()
	at people.rekurs()
	at people.rekurs()
	at people.rekurs()
	at people.rekurs()
	at people.rekurs()
	at people.rekurs()
	at people.rekurs()
	at people.rekurs()
	at people.rekurs()
	at people.rekurs()
	at people.rekurs()
	at people.rekurs()
	at people.rekurs()
	at people.rekurs()
	at people.rekurs()
	at people.rekurs()
	at people.rekurs()
	at people.rekurs()
Feb 28, 2011 12:06:15 PM org.apache.catalina.core.StandardWrapperValve invoke
SEVERE: Servlet.service() for servlet Scetris threw exception
java.lang.OutOfMemoryError: Java heap space
	at com.sun.org.apache.xalan.internal.xsltc.util.IntegerArray.<init>(IntegerArray.java:37)
	at com.sun.org.apache.xalan.internal.xsltc.util.IntegerArray.clone(IntegerArray.java:50)
	at com.sun.org.apache.xalan.internal.xsltc.dom.DupFilterIterator.cloneIterator(DupFilterIterator.java:123)
	at com.sun.org.apache.xalan.internal.xsltc.dom.AbsoluteIterator.cloneIterator(AbsoluteIterator.java:73)
	at com.sun.org.apache.xalan.internal.xsltc.dom.CurrentNodeListIterator.cloneIterator(CurrentNodeListIterator.java:117)
	at com.sun.org.apache.xalan.internal.xsltc.runtime.BasisLibrary.referenceToNodeSet(BasisLibrary.java:995)
	at people.rekurs()
	at people.rekurs()
	at people.rekurs()
	at people.rekurs()
	at people.rekurs()
	at people.rekurs()
	at people.rekurs()
	at people.rekurs()
	at people.rekurs()
	at people.rekurs()
	at people.rekurs()
	at people.rekurs()
	at people.rekurs()
	at people.rekurs()
	at people.rekurs()
	at people.rekurs()
	at people.rekurs()
	at people.rekurs()
	at people.rekurs()
	at people.rekurs()
	at people.rekurs()
	at people.rekurs()
	at people.rekurs()
	at people.rekurs()
	at people.rekurs()
	at people.rekurs()
Feb 28, 2011 12:07:15 PM org.apache.catalina.core.StandardWrapperValve invoke
SEVERE: Servlet.service() for servlet Scetris threw exception
java.lang.OutOfMemoryError: Java heap space
	at com.sun.org.apache.xalan.internal.xsltc.util.IntegerArray.<init>(IntegerArray.java:37)
	at com.sun.org.apache.xalan.internal.xsltc.util.IntegerArray.clone(IntegerArray.java:50)
	at com.sun.org.apache.xalan.internal.xsltc.dom.CurrentNodeListIterator.cloneIterator(CurrentNodeListIterator.java:116)
	at com.sun.org.apache.xalan.internal.xsltc.runtime.BasisLibrary.referenceToNodeSet(BasisLibrary.java:995)
	at people.rekurs()
	at people.rekurs()
	at people.rekurs()
	at people.rekurs()
	at people.rekurs()
	at people.rekurs()
	at people.rekurs()
	at people.rekurs()
	at people.rekurs()
	at people.rekurs()
	at people.rekurs()
	at people.rekurs()
	at people.rekurs()
	at people.rekurs()
	at people.rekurs()
	at people.rekurs()
	at people.rekurs()
	at people.rekurs()
	at people.rekurs()
	at people.rekurs()
	at people.rekurs()
	at people.rekurs()
	at people.rekurs()
	at people.rekurs()
	at people.rekurs()
	at people.rekurs()
	at people.rekurs()
	at people.rekurs()
Feb 28, 2011 12:16:26 PM org.apache.catalina.core.StandardWrapperValve invoke
SEVERE: Servlet.service() for servlet Scetris threw exception
java.lang.OutOfMemoryError: Java heap space
	at com.sun.org.apache.xalan.internal.xsltc.util.IntegerArray.<init>(IntegerArray.java:37)
	at com.sun.org.apache.xalan.internal.xsltc.util.IntegerArray.clone(IntegerArray.java:50)
	at com.sun.org.apache.xalan.internal.xsltc.dom.DupFilterIterator.cloneIterator(DupFilterIterator.java:123)
	at com.sun.org.apache.xalan.internal.xsltc.dom.AbsoluteIterator.cloneIterator(AbsoluteIterator.java:73)
	at com.sun.org.apache.xalan.internal.xsltc.dom.CurrentNodeListIterator.cloneIterator(CurrentNodeListIterator.java:117)
	at com.sun.org.apache.xalan.internal.xsltc.runtime.BasisLibrary.referenceToNodeSet(BasisLibrary.java:995)
	at people.rekurs()
	at people.rekurs()
	at people.rekurs()
	at people.rekurs()
	at people.rekurs()
	at people.rekurs()
	at people.rekurs()
	at people.rekurs()
	at people.rekurs()
	at people.rekurs()
	at people.rekurs()
	at people.rekurs()
	at people.rekurs()
	at people.rekurs()
	at people.rekurs()
	at people.rekurs()
	at people.rekurs()
	at people.rekurs()
	at people.rekurs()
	at people.rekurs()
	at people.rekurs()
	at people.rekurs()
	at people.rekurs()
	at people.rekurs()
	at people.rekurs()
	at people.rekurs()
Feb 28, 2011 12:27:37 PM org.apache.catalina.core.StandardWrapperValve invoke
SEVERE: Servlet.service() for servlet Scetris threw exception
java.lang.OutOfMemoryError: Java heap space
Feb 28, 2011 10:51:54 PM org.apache.catalina.core.StandardWrapperValve invoke
SEVERE: Servlet.service() for servlet Scetris threw exception
javax.xml.transform.TransformerConfigurationException: Could not compile stylesheet
	at com.sun.org.apache.xalan.internal.xsltc.trax.TransformerFactoryImpl.newTemplates(TransformerFactoryImpl.java:828)
	at com.sun.org.apache.xalan.internal.xsltc.trax.TransformerFactoryImpl.newTransformer(TransformerFactoryImpl.java:617)
	at de.fu.junction.xml.XmlHelper.newTransformer(Unknown Source)
	at de.fu.weave.TemplateManager.loadTemplate(Unknown Source)
	at de.fu.weave.TemplateManager.getTemplate(Unknown Source)
	at de.fu.weave.impl.frigg.FriggWeavlet.responsePerform(Unknown Source)
	at de.fu.weave.impl.frigg.FriggWeavlet.answerRequest(Unknown Source)
	at de.fu.weave.impl.BaseWeavlet.doGet(Unknown Source)
	at javax.servlet.http.HttpServlet.service(HttpServlet.java:617)
	at javax.servlet.http.HttpServlet.service(HttpServlet.java:717)
	at org.apache.catalina.core.ApplicationFilterChain.internalDoFilter(ApplicationFilterChain.java:290)
	at org.apache.catalina.core.ApplicationFilterChain.doFilter(ApplicationFilterChain.java:206)
	at org.apache.catalina.core.StandardWrapperValve.invoke(StandardWrapperValve.java:233)
	at org.apache.catalina.core.StandardContextValve.invoke(StandardContextValve.java:191)
	at org.apache.catalina.core.StandardHostValve.invoke(StandardHostValve.java:127)
	at org.apache.catalina.valves.ErrorReportValve.invoke(ErrorReportValve.java:102)
	at org.apache.catalina.core.StandardEngineValve.invoke(StandardEngineValve.java:109)
	at org.apache.catalina.connector.CoyoteAdapter.service(CoyoteAdapter.java:298)
	at org.apache.coyote.http11.Http11Processor.process(Http11Processor.java:857)
	at org.apache.coyote.http11.Http11Protocol$Http11ConnectionHandler.process(Http11Protocol.java:588)
	at org.apache.tomcat.util.net.JIoEndpoint$Worker.run(JIoEndpoint.java:489)
	at java.lang.Thread.run(Thread.java:680)
Feb 28, 2011 10:52:59 PM org.apache.catalina.core.StandardWrapperValve invoke
SEVERE: Servlet.service() for servlet Scetris threw exception
javax.xml.transform.TransformerConfigurationException: Could not compile stylesheet
	at com.sun.org.apache.xalan.internal.xsltc.trax.TransformerFactoryImpl.newTemplates(TransformerFactoryImpl.java:828)
	at com.sun.org.apache.xalan.internal.xsltc.trax.TransformerFactoryImpl.newTransformer(TransformerFactoryImpl.java:617)
	at de.fu.junction.xml.XmlHelper.newTransformer(Unknown Source)
	at de.fu.weave.TemplateManager.loadTemplate(Unknown Source)
	at de.fu.weave.TemplateManager.getTemplate(Unknown Source)
	at de.fu.weave.impl.frigg.FriggWeavlet.responsePerform(Unknown Source)
	at de.fu.weave.impl.frigg.FriggWeavlet.answerRequest(Unknown Source)
	at de.fu.weave.impl.BaseWeavlet.doGet(Unknown Source)
	at javax.servlet.http.HttpServlet.service(HttpServlet.java:617)
	at javax.servlet.http.HttpServlet.service(HttpServlet.java:717)
	at org.apache.catalina.core.ApplicationFilterChain.internalDoFilter(ApplicationFilterChain.java:290)
	at org.apache.catalina.core.ApplicationFilterChain.doFilter(ApplicationFilterChain.java:206)
	at org.apache.catalina.core.StandardWrapperValve.invoke(StandardWrapperValve.java:233)
	at org.apache.catalina.core.StandardContextValve.invoke(StandardContextValve.java:191)
	at org.apache.catalina.core.StandardHostValve.invoke(StandardHostValve.java:127)
	at org.apache.catalina.valves.ErrorReportValve.invoke(ErrorReportValve.java:102)
	at org.apache.catalina.core.StandardEngineValve.invoke(StandardEngineValve.java:109)
	at org.apache.catalina.connector.CoyoteAdapter.service(CoyoteAdapter.java:298)
	at org.apache.coyote.http11.Http11Processor.process(Http11Processor.java:857)
	at org.apache.coyote.http11.Http11Protocol$Http11ConnectionHandler.process(Http11Protocol.java:588)
	at org.apache.tomcat.util.net.JIoEndpoint$Worker.run(JIoEndpoint.java:489)
	at java.lang.Thread.run(Thread.java:680)
Feb 28, 2011 11:05:27 PM org.apache.catalina.core.StandardWrapperValve invoke
SEVERE: Servlet.service() for servlet Scetris threw exception
javax.xml.transform.TransformerConfigurationException: Could not compile stylesheet
	at com.sun.org.apache.xalan.internal.xsltc.trax.TransformerFactoryImpl.newTemplates(TransformerFactoryImpl.java:828)
	at com.sun.org.apache.xalan.internal.xsltc.trax.TransformerFactoryImpl.newTransformer(TransformerFactoryImpl.java:617)
	at de.fu.junction.xml.XmlHelper.newTransformer(Unknown Source)
	at de.fu.weave.TemplateManager.loadTemplate(Unknown Source)
	at de.fu.weave.TemplateManager.getTemplate(Unknown Source)
	at de.fu.weave.impl.frigg.FriggWeavlet.responsePerform(Unknown Source)
	at de.fu.weave.impl.frigg.FriggWeavlet.answerRequest(Unknown Source)
	at de.fu.weave.impl.BaseWeavlet.doGet(Unknown Source)
	at javax.servlet.http.HttpServlet.service(HttpServlet.java:617)
	at javax.servlet.http.HttpServlet.service(HttpServlet.java:717)
	at org.apache.catalina.core.ApplicationFilterChain.internalDoFilter(ApplicationFilterChain.java:290)
	at org.apache.catalina.core.ApplicationFilterChain.doFilter(ApplicationFilterChain.java:206)
	at org.apache.catalina.core.StandardWrapperValve.invoke(StandardWrapperValve.java:233)
	at org.apache.catalina.core.StandardContextValve.invoke(StandardContextValve.java:191)
	at org.apache.catalina.core.StandardHostValve.invoke(StandardHostValve.java:127)
	at org.apache.catalina.valves.ErrorReportValve.invoke(ErrorReportValve.java:102)
	at org.apache.catalina.core.StandardEngineValve.invoke(StandardEngineValve.java:109)
	at org.apache.catalina.connector.CoyoteAdapter.service(CoyoteAdapter.java:298)
	at org.apache.coyote.http11.Http11Processor.process(Http11Processor.java:857)
	at org.apache.coyote.http11.Http11Protocol$Http11ConnectionHandler.process(Http11Protocol.java:588)
	at org.apache.tomcat.util.net.JIoEndpoint$Worker.run(JIoEndpoint.java:489)
	at java.lang.Thread.run(Thread.java:680)
Feb 28, 2011 11:05:55 PM org.apache.catalina.core.StandardWrapperValve invoke
SEVERE: Servlet.service() for servlet Scetris threw exception
javax.xml.transform.TransformerConfigurationException: Could not compile stylesheet
	at com.sun.org.apache.xalan.internal.xsltc.trax.TransformerFactoryImpl.newTemplates(TransformerFactoryImpl.java:828)
	at com.sun.org.apache.xalan.internal.xsltc.trax.TransformerFactoryImpl.newTransformer(TransformerFactoryImpl.java:617)
	at de.fu.junction.xml.XmlHelper.newTransformer(Unknown Source)
	at de.fu.weave.TemplateManager.loadTemplate(Unknown Source)
	at de.fu.weave.TemplateManager.getTemplate(Unknown Source)
	at de.fu.weave.impl.frigg.FriggWeavlet.responsePerform(Unknown Source)
	at de.fu.weave.impl.frigg.FriggWeavlet.answerRequest(Unknown Source)
	at de.fu.weave.impl.BaseWeavlet.doGet(Unknown Source)
	at javax.servlet.http.HttpServlet.service(HttpServlet.java:617)
	at javax.servlet.http.HttpServlet.service(HttpServlet.java:717)
	at org.apache.catalina.core.ApplicationFilterChain.internalDoFilter(ApplicationFilterChain.java:290)
	at org.apache.catalina.core.ApplicationFilterChain.doFilter(ApplicationFilterChain.java:206)
	at org.apache.catalina.core.StandardWrapperValve.invoke(StandardWrapperValve.java:233)
	at org.apache.catalina.core.StandardContextValve.invoke(StandardContextValve.java:191)
	at org.apache.catalina.core.StandardHostValve.invoke(StandardHostValve.java:127)
	at org.apache.catalina.valves.ErrorReportValve.invoke(ErrorReportValve.java:102)
	at org.apache.catalina.core.StandardEngineValve.invoke(StandardEngineValve.java:109)
	at org.apache.catalina.connector.CoyoteAdapter.service(CoyoteAdapter.java:298)
	at org.apache.coyote.http11.Http11Processor.process(Http11Processor.java:857)
	at org.apache.coyote.http11.Http11Protocol$Http11ConnectionHandler.process(Http11Protocol.java:588)
	at org.apache.tomcat.util.net.JIoEndpoint$Worker.run(JIoEndpoint.java:489)
	at java.lang.Thread.run(Thread.java:680)
Feb 28, 2011 11:06:04 PM org.apache.catalina.core.StandardWrapperValve invoke
SEVERE: Servlet.service() for servlet Scetris threw exception
javax.xml.transform.TransformerConfigurationException: Could not compile stylesheet
	at com.sun.org.apache.xalan.internal.xsltc.trax.TransformerFactoryImpl.newTemplates(TransformerFactoryImpl.java:828)
	at com.sun.org.apache.xalan.internal.xsltc.trax.TransformerFactoryImpl.newTransformer(TransformerFactoryImpl.java:617)
	at de.fu.junction.xml.XmlHelper.newTransformer(Unknown Source)
	at de.fu.weave.TemplateManager.loadTemplate(Unknown Source)
	at de.fu.weave.TemplateManager.getTemplate(Unknown Source)
	at de.fu.weave.impl.frigg.FriggWeavlet.responsePerform(Unknown Source)
	at de.fu.weave.impl.frigg.FriggWeavlet.answerRequest(Unknown Source)
	at de.fu.weave.impl.BaseWeavlet.doGet(Unknown Source)
	at javax.servlet.http.HttpServlet.service(HttpServlet.java:617)
	at javax.servlet.http.HttpServlet.service(HttpServlet.java:717)
	at org.apache.catalina.core.ApplicationFilterChain.internalDoFilter(ApplicationFilterChain.java:290)
	at org.apache.catalina.core.ApplicationFilterChain.doFilter(ApplicationFilterChain.java:206)
	at org.apache.catalina.core.StandardWrapperValve.invoke(StandardWrapperValve.java:233)
	at org.apache.catalina.core.StandardContextValve.invoke(StandardContextValve.java:191)
	at org.apache.catalina.core.StandardHostValve.invoke(StandardHostValve.java:127)
	at org.apache.catalina.valves.ErrorReportValve.invoke(ErrorReportValve.java:102)
	at org.apache.catalina.core.StandardEngineValve.invoke(StandardEngineValve.java:109)
	at org.apache.catalina.connector.CoyoteAdapter.service(CoyoteAdapter.java:298)
	at org.apache.coyote.http11.Http11Processor.process(Http11Processor.java:857)
	at org.apache.coyote.http11.Http11Protocol$Http11ConnectionHandler.process(Http11Protocol.java:588)
	at org.apache.tomcat.util.net.JIoEndpoint$Worker.run(JIoEndpoint.java:489)
	at java.lang.Thread.run(Thread.java:680)
Feb 28, 2011 11:07:42 PM org.apache.catalina.core.StandardWrapperValve invoke
SEVERE: Servlet.service() for servlet Scetris threw exception
javax.xml.transform.TransformerConfigurationException: Could not compile stylesheet
	at com.sun.org.apache.xalan.internal.xsltc.trax.TransformerFactoryImpl.newTemplates(TransformerFactoryImpl.java:828)
	at com.sun.org.apache.xalan.internal.xsltc.trax.TransformerFactoryImpl.newTransformer(TransformerFactoryImpl.java:617)
	at de.fu.junction.xml.XmlHelper.newTransformer(Unknown Source)
	at de.fu.weave.TemplateManager.loadTemplate(Unknown Source)
	at de.fu.weave.TemplateManager.getTemplate(Unknown Source)
	at de.fu.weave.impl.frigg.FriggWeavlet.responsePerform(Unknown Source)
	at de.fu.weave.impl.frigg.FriggWeavlet.answerRequest(Unknown Source)
	at de.fu.weave.impl.BaseWeavlet.doGet(Unknown Source)
	at javax.servlet.http.HttpServlet.service(HttpServlet.java:617)
	at javax.servlet.http.HttpServlet.service(HttpServlet.java:717)
	at org.apache.catalina.core.ApplicationFilterChain.internalDoFilter(ApplicationFilterChain.java:290)
	at org.apache.catalina.core.ApplicationFilterChain.doFilter(ApplicationFilterChain.java:206)
	at org.apache.catalina.core.StandardWrapperValve.invoke(StandardWrapperValve.java:233)
	at org.apache.catalina.core.StandardContextValve.invoke(StandardContextValve.java:191)
	at org.apache.catalina.core.StandardHostValve.invoke(StandardHostValve.java:127)
	at org.apache.catalina.valves.ErrorReportValve.invoke(ErrorReportValve.java:102)
	at org.apache.catalina.core.StandardEngineValve.invoke(StandardEngineValve.java:109)
	at org.apache.catalina.connector.CoyoteAdapter.service(CoyoteAdapter.java:298)
	at org.apache.coyote.http11.Http11Processor.process(Http11Processor.java:857)
	at org.apache.coyote.http11.Http11Protocol$Http11ConnectionHandler.process(Http11Protocol.java:588)
	at org.apache.tomcat.util.net.JIoEndpoint$Worker.run(JIoEndpoint.java:489)
	at java.lang.Thread.run(Thread.java:680)
Feb 28, 2011 11:07:55 PM org.apache.catalina.core.StandardWrapperValve invoke
SEVERE: Servlet.service() for servlet Scetris threw exception
javax.xml.transform.TransformerConfigurationException: Could not compile stylesheet
	at com.sun.org.apache.xalan.internal.xsltc.trax.TransformerFactoryImpl.newTemplates(TransformerFactoryImpl.java:828)
	at com.sun.org.apache.xalan.internal.xsltc.trax.TransformerFactoryImpl.newTransformer(TransformerFactoryImpl.java:617)
	at de.fu.junction.xml.XmlHelper.newTransformer(Unknown Source)
	at de.fu.weave.TemplateManager.loadTemplate(Unknown Source)
	at de.fu.weave.TemplateManager.getTemplate(Unknown Source)
	at de.fu.weave.impl.frigg.FriggWeavlet.responsePerform(Unknown Source)
	at de.fu.weave.impl.frigg.FriggWeavlet.answerRequest(Unknown Source)
	at de.fu.weave.impl.BaseWeavlet.doGet(Unknown Source)
	at javax.servlet.http.HttpServlet.service(HttpServlet.java:617)
	at javax.servlet.http.HttpServlet.service(HttpServlet.java:717)
	at org.apache.catalina.core.ApplicationFilterChain.internalDoFilter(ApplicationFilterChain.java:290)
	at org.apache.catalina.core.ApplicationFilterChain.doFilter(ApplicationFilterChain.java:206)
	at org.apache.catalina.core.StandardWrapperValve.invoke(StandardWrapperValve.java:233)
	at org.apache.catalina.core.StandardContextValve.invoke(StandardContextValve.java:191)
	at org.apache.catalina.core.StandardHostValve.invoke(StandardHostValve.java:127)
	at org.apache.catalina.valves.ErrorReportValve.invoke(ErrorReportValve.java:102)
	at org.apache.catalina.core.StandardEngineValve.invoke(StandardEngineValve.java:109)
	at org.apache.catalina.connector.CoyoteAdapter.service(CoyoteAdapter.java:298)
	at org.apache.coyote.http11.Http11Processor.process(Http11Processor.java:857)
	at org.apache.coyote.http11.Http11Protocol$Http11ConnectionHandler.process(Http11Protocol.java:588)
	at org.apache.tomcat.util.net.JIoEndpoint$Worker.run(JIoEndpoint.java:489)
	at java.lang.Thread.run(Thread.java:680)
Feb 28, 2011 11:08:33 PM org.apache.catalina.core.StandardWrapperValve invoke
SEVERE: Servlet.service() for servlet Scetris threw exception
javax.xml.transform.TransformerConfigurationException: Could not compile stylesheet
	at com.sun.org.apache.xalan.internal.xsltc.trax.TransformerFactoryImpl.newTemplates(TransformerFactoryImpl.java:828)
	at com.sun.org.apache.xalan.internal.xsltc.trax.TransformerFactoryImpl.newTransformer(TransformerFactoryImpl.java:617)
	at de.fu.junction.xml.XmlHelper.newTransformer(Unknown Source)
	at de.fu.weave.TemplateManager.loadTemplate(Unknown Source)
	at de.fu.weave.TemplateManager.getTemplate(Unknown Source)
	at de.fu.weave.impl.frigg.FriggWeavlet.responsePerform(Unknown Source)
	at de.fu.weave.impl.frigg.FriggWeavlet.answerRequest(Unknown Source)
	at de.fu.weave.impl.BaseWeavlet.doGet(Unknown Source)
	at javax.servlet.http.HttpServlet.service(HttpServlet.java:617)
	at javax.servlet.http.HttpServlet.service(HttpServlet.java:717)
	at org.apache.catalina.core.ApplicationFilterChain.internalDoFilter(ApplicationFilterChain.java:290)
	at org.apache.catalina.core.ApplicationFilterChain.doFilter(ApplicationFilterChain.java:206)
	at org.apache.catalina.core.StandardWrapperValve.invoke(StandardWrapperValve.java:233)
	at org.apache.catalina.core.StandardContextValve.invoke(StandardContextValve.java:191)
	at org.apache.catalina.core.StandardHostValve.invoke(StandardHostValve.java:127)
	at org.apache.catalina.valves.ErrorReportValve.invoke(ErrorReportValve.java:102)
	at org.apache.catalina.core.StandardEngineValve.invoke(StandardEngineValve.java:109)
	at org.apache.catalina.connector.CoyoteAdapter.service(CoyoteAdapter.java:298)
	at org.apache.coyote.http11.Http11Processor.process(Http11Processor.java:857)
	at org.apache.coyote.http11.Http11Protocol$Http11ConnectionHandler.process(Http11Protocol.java:588)
	at org.apache.tomcat.util.net.JIoEndpoint$Worker.run(JIoEndpoint.java:489)
	at java.lang.Thread.run(Thread.java:680)
Feb 28, 2011 11:08:36 PM org.apache.catalina.core.StandardWrapperValve invoke
SEVERE: Servlet.service() for servlet Scetris threw exception
javax.xml.transform.TransformerConfigurationException: Could not compile stylesheet
	at com.sun.org.apache.xalan.internal.xsltc.trax.TransformerFactoryImpl.newTemplates(TransformerFactoryImpl.java:828)
	at com.sun.org.apache.xalan.internal.xsltc.trax.TransformerFactoryImpl.newTransformer(TransformerFactoryImpl.java:617)
	at de.fu.junction.xml.XmlHelper.newTransformer(Unknown Source)
	at de.fu.weave.TemplateManager.loadTemplate(Unknown Source)
	at de.fu.weave.TemplateManager.getTemplate(Unknown Source)
	at de.fu.weave.impl.frigg.FriggWeavlet.responsePerform(Unknown Source)
	at de.fu.weave.impl.frigg.FriggWeavlet.answerRequest(Unknown Source)
	at de.fu.weave.impl.BaseWeavlet.doGet(Unknown Source)
	at javax.servlet.http.HttpServlet.service(HttpServlet.java:617)
	at javax.servlet.http.HttpServlet.service(HttpServlet.java:717)
	at org.apache.catalina.core.ApplicationFilterChain.internalDoFilter(ApplicationFilterChain.java:290)
	at org.apache.catalina.core.ApplicationFilterChain.doFilter(ApplicationFilterChain.java:206)
	at org.apache.catalina.core.StandardWrapperValve.invoke(StandardWrapperValve.java:233)
	at org.apache.catalina.core.StandardContextValve.invoke(StandardContextValve.java:191)
	at org.apache.catalina.core.StandardHostValve.invoke(StandardHostValve.java:127)
	at org.apache.catalina.valves.ErrorReportValve.invoke(ErrorReportValve.java:102)
	at org.apache.catalina.core.StandardEngineValve.invoke(StandardEngineValve.java:109)
	at org.apache.catalina.connector.CoyoteAdapter.service(CoyoteAdapter.java:298)
	at org.apache.coyote.http11.Http11Processor.process(Http11Processor.java:857)
	at org.apache.coyote.http11.Http11Protocol$Http11ConnectionHandler.process(Http11Protocol.java:588)
	at org.apache.tomcat.util.net.JIoEndpoint$Worker.run(JIoEndpoint.java:489)
	at java.lang.Thread.run(Thread.java:680)
Feb 28, 2011 11:10:23 PM org.apache.catalina.core.StandardWrapperValve invoke
SEVERE: Servlet.service() for servlet Scetris threw exception
javax.xml.transform.TransformerConfigurationException: Could not compile stylesheet
	at com.sun.org.apache.xalan.internal.xsltc.trax.TransformerFactoryImpl.newTemplates(TransformerFactoryImpl.java:828)
	at com.sun.org.apache.xalan.internal.xsltc.trax.TransformerFactoryImpl.newTransformer(TransformerFactoryImpl.java:617)
	at de.fu.junction.xml.XmlHelper.newTransformer(Unknown Source)
	at de.fu.weave.TemplateManager.loadTemplate(Unknown Source)
	at de.fu.weave.TemplateManager.getTemplate(Unknown Source)
	at de.fu.weave.impl.frigg.FriggWeavlet.responsePerform(Unknown Source)
	at de.fu.weave.impl.frigg.FriggWeavlet.answerRequest(Unknown Source)
	at de.fu.weave.impl.BaseWeavlet.doGet(Unknown Source)
	at javax.servlet.http.HttpServlet.service(HttpServlet.java:617)
	at javax.servlet.http.HttpServlet.service(HttpServlet.java:717)
	at org.apache.catalina.core.ApplicationFilterChain.internalDoFilter(ApplicationFilterChain.java:290)
	at org.apache.catalina.core.ApplicationFilterChain.doFilter(ApplicationFilterChain.java:206)
	at org.apache.catalina.core.StandardWrapperValve.invoke(StandardWrapperValve.java:233)
	at org.apache.catalina.core.StandardContextValve.invoke(StandardContextValve.java:191)
	at org.apache.catalina.core.StandardHostValve.invoke(StandardHostValve.java:127)
	at org.apache.catalina.valves.ErrorReportValve.invoke(ErrorReportValve.java:102)
	at org.apache.catalina.core.StandardEngineValve.invoke(StandardEngineValve.java:109)
	at org.apache.catalina.connector.CoyoteAdapter.service(CoyoteAdapter.java:298)
	at org.apache.coyote.http11.Http11Processor.process(Http11Processor.java:857)
	at org.apache.coyote.http11.Http11Protocol$Http11ConnectionHandler.process(Http11Protocol.java:588)
	at org.apache.tomcat.util.net.JIoEndpoint$Worker.run(JIoEndpoint.java:489)
	at java.lang.Thread.run(Thread.java:680)
Feb 28, 2011 11:10:27 PM org.apache.catalina.core.StandardWrapperValve invoke
SEVERE: Servlet.service() for servlet Scetris threw exception
javax.xml.transform.TransformerConfigurationException: Could not compile stylesheet
	at com.sun.org.apache.xalan.internal.xsltc.trax.TransformerFactoryImpl.newTemplates(TransformerFactoryImpl.java:828)
	at com.sun.org.apache.xalan.internal.xsltc.trax.TransformerFactoryImpl.newTransformer(TransformerFactoryImpl.java:617)
	at de.fu.junction.xml.XmlHelper.newTransformer(Unknown Source)
	at de.fu.weave.TemplateManager.loadTemplate(Unknown Source)
	at de.fu.weave.TemplateManager.getTemplate(Unknown Source)
	at de.fu.weave.impl.frigg.FriggWeavlet.responsePerform(Unknown Source)
	at de.fu.weave.impl.frigg.FriggWeavlet.answerRequest(Unknown Source)
	at de.fu.weave.impl.BaseWeavlet.doGet(Unknown Source)
	at javax.servlet.http.HttpServlet.service(HttpServlet.java:617)
	at javax.servlet.http.HttpServlet.service(HttpServlet.java:717)
	at org.apache.catalina.core.ApplicationFilterChain.internalDoFilter(ApplicationFilterChain.java:290)
	at org.apache.catalina.core.ApplicationFilterChain.doFilter(ApplicationFilterChain.java:206)
	at org.apache.catalina.core.StandardWrapperValve.invoke(StandardWrapperValve.java:233)
	at org.apache.catalina.core.StandardContextValve.invoke(StandardContextValve.java:191)
	at org.apache.catalina.core.StandardHostValve.invoke(StandardHostValve.java:127)
	at org.apache.catalina.valves.ErrorReportValve.invoke(ErrorReportValve.java:102)
	at org.apache.catalina.core.StandardEngineValve.invoke(StandardEngineValve.java:109)
	at org.apache.catalina.connector.CoyoteAdapter.service(CoyoteAdapter.java:298)
	at org.apache.coyote.http11.Http11Processor.process(Http11Processor.java:857)
	at org.apache.coyote.http11.Http11Protocol$Http11ConnectionHandler.process(Http11Protocol.java:588)
	at org.apache.tomcat.util.net.JIoEndpoint$Worker.run(JIoEndpoint.java:489)
	at java.lang.Thread.run(Thread.java:680)
Feb 28, 2011 11:12:54 PM org.apache.catalina.core.StandardWrapperValve invoke
SEVERE: Servlet.service() for servlet Scetris threw exception
javax.xml.transform.TransformerConfigurationException: Could not compile stylesheet
	at com.sun.org.apache.xalan.internal.xsltc.trax.TransformerFactoryImpl.newTemplates(TransformerFactoryImpl.java:828)
	at com.sun.org.apache.xalan.internal.xsltc.trax.TransformerFactoryImpl.newTransformer(TransformerFactoryImpl.java:617)
	at de.fu.junction.xml.XmlHelper.newTransformer(Unknown Source)
	at de.fu.weave.TemplateManager.loadTemplate(Unknown Source)
	at de.fu.weave.TemplateManager.getTemplate(Unknown Source)
	at de.fu.weave.impl.frigg.FriggWeavlet.responsePerform(Unknown Source)
	at de.fu.weave.impl.frigg.FriggWeavlet.answerRequest(Unknown Source)
	at de.fu.weave.impl.BaseWeavlet.doGet(Unknown Source)
	at javax.servlet.http.HttpServlet.service(HttpServlet.java:617)
	at javax.servlet.http.HttpServlet.service(HttpServlet.java:717)
	at org.apache.catalina.core.ApplicationFilterChain.internalDoFilter(ApplicationFilterChain.java:290)
	at org.apache.catalina.core.ApplicationFilterChain.doFilter(ApplicationFilterChain.java:206)
	at org.apache.catalina.core.StandardWrapperValve.invoke(StandardWrapperValve.java:233)
	at org.apache.catalina.core.StandardContextValve.invoke(StandardContextValve.java:191)
	at org.apache.catalina.core.StandardHostValve.invoke(StandardHostValve.java:127)
	at org.apache.catalina.valves.ErrorReportValve.invoke(ErrorReportValve.java:102)
	at org.apache.catalina.core.StandardEngineValve.invoke(StandardEngineValve.java:109)
	at org.apache.catalina.connector.CoyoteAdapter.service(CoyoteAdapter.java:298)
	at org.apache.coyote.http11.Http11Processor.process(Http11Processor.java:857)
	at org.apache.coyote.http11.Http11Protocol$Http11ConnectionHandler.process(Http11Protocol.java:588)
	at org.apache.tomcat.util.net.JIoEndpoint$Worker.run(JIoEndpoint.java:489)
	at java.lang.Thread.run(Thread.java:680)
Feb 28, 2011 11:13:31 PM org.apache.catalina.core.StandardWrapperValve invoke
SEVERE: Servlet.service() for servlet Scetris threw exception
javax.xml.transform.TransformerConfigurationException: Could not compile stylesheet
	at com.sun.org.apache.xalan.internal.xsltc.trax.TransformerFactoryImpl.newTemplates(TransformerFactoryImpl.java:828)
	at com.sun.org.apache.xalan.internal.xsltc.trax.TransformerFactoryImpl.newTransformer(TransformerFactoryImpl.java:617)
	at de.fu.junction.xml.XmlHelper.newTransformer(Unknown Source)
	at de.fu.weave.TemplateManager.loadTemplate(Unknown Source)
	at de.fu.weave.TemplateManager.getTemplate(Unknown Source)
	at de.fu.weave.impl.frigg.FriggWeavlet.responsePerform(Unknown Source)
	at de.fu.weave.impl.frigg.FriggWeavlet.answerRequest(Unknown Source)
	at de.fu.weave.impl.BaseWeavlet.doGet(Unknown Source)
	at javax.servlet.http.HttpServlet.service(HttpServlet.java:617)
	at javax.servlet.http.HttpServlet.service(HttpServlet.java:717)
	at org.apache.catalina.core.ApplicationFilterChain.internalDoFilter(ApplicationFilterChain.java:290)
	at org.apache.catalina.core.ApplicationFilterChain.doFilter(ApplicationFilterChain.java:206)
	at org.apache.catalina.core.StandardWrapperValve.invoke(StandardWrapperValve.java:233)
	at org.apache.catalina.core.StandardContextValve.invoke(StandardContextValve.java:191)
	at org.apache.catalina.core.StandardHostValve.invoke(StandardHostValve.java:127)
	at org.apache.catalina.valves.ErrorReportValve.invoke(ErrorReportValve.java:102)
	at org.apache.catalina.core.StandardEngineValve.invoke(StandardEngineValve.java:109)
	at org.apache.catalina.connector.CoyoteAdapter.service(CoyoteAdapter.java:298)
	at org.apache.coyote.http11.Http11Processor.process(Http11Processor.java:857)
	at org.apache.coyote.http11.Http11Protocol$Http11ConnectionHandler.process(Http11Protocol.java:588)
	at org.apache.tomcat.util.net.JIoEndpoint$Worker.run(JIoEndpoint.java:489)
	at java.lang.Thread.run(Thread.java:680)
Feb 28, 2011 11:27:51 PM org.apache.catalina.core.StandardContext loadOnStartup
SEVERE: Servlet  threw load() exception
de.fu.weave.TemplateManagerException: File does not exist: "courses/courses.xsl" (baseDir is "/Users/julianfleischer/Projects/score/trunk/tomcat/webapps/ROOT/xsl")
	at de.fu.weave.TemplateManager.loadTemplate(Unknown Source)
	at de.fu.weave.impl.frigg.FriggWeavlet.loadModule(Unknown Source)
	at de.fu.weave.impl.frigg.FriggWeavlet.loadModules(Unknown Source)
	at de.fu.weave.impl.frigg.FriggWeavlet.init(Unknown Source)
	at org.apache.catalina.core.StandardWrapper.loadServlet(StandardWrapper.java:1173)
	at org.apache.catalina.core.StandardWrapper.load(StandardWrapper.java:993)
	at org.apache.catalina.core.StandardContext.loadOnStartup(StandardContext.java:4350)
	at org.apache.catalina.core.StandardContext.start(StandardContext.java:4659)
	at org.apache.catalina.startup.HostConfig.checkResources(HostConfig.java:1244)
	at org.apache.catalina.startup.HostConfig.check(HostConfig.java:1342)
	at org.apache.catalina.startup.HostConfig.lifecycleEvent(HostConfig.java:303)
	at org.apache.catalina.util.LifecycleSupport.fireLifecycleEvent(LifecycleSupport.java:119)
	at org.apache.catalina.core.ContainerBase.backgroundProcess(ContainerBase.java:1337)
	at org.apache.catalina.core.ContainerBase$ContainerBackgroundProcessor.processChildren(ContainerBase.java:1601)
	at org.apache.catalina.core.ContainerBase$ContainerBackgroundProcessor.processChildren(ContainerBase.java:1610)
	at org.apache.catalina.core.ContainerBase$ContainerBackgroundProcessor.run(ContainerBase.java:1590)
	at java.lang.Thread.run(Thread.java:680)
Feb 28, 2011 11:28:04 PM org.apache.catalina.core.StandardContext loadOnStartup
SEVERE: Servlet  threw load() exception
de.fu.weave.TemplateManagerException: File does not exist: "courses/courses.xsl" (baseDir is "/Users/julianfleischer/Projects/score/trunk/tomcat/webapps/ROOT/xsl")
	at de.fu.weave.TemplateManager.loadTemplate(Unknown Source)
	at de.fu.weave.impl.frigg.FriggWeavlet.loadModule(Unknown Source)
	at de.fu.weave.impl.frigg.FriggWeavlet.loadModules(Unknown Source)
	at de.fu.weave.impl.frigg.FriggWeavlet.init(Unknown Source)
	at org.apache.catalina.core.StandardWrapper.loadServlet(StandardWrapper.java:1173)
	at org.apache.catalina.core.StandardWrapper.load(StandardWrapper.java:993)
	at org.apache.catalina.core.StandardContext.loadOnStartup(StandardContext.java:4350)
	at org.apache.catalina.core.StandardContext.start(StandardContext.java:4659)
	at org.apache.catalina.core.ContainerBase.addChildInternal(ContainerBase.java:791)
	at org.apache.catalina.core.ContainerBase.addChild(ContainerBase.java:771)
	at org.apache.catalina.core.StandardHost.addChild(StandardHost.java:546)
	at org.apache.catalina.startup.HostConfig.deployDirectory(HostConfig.java:1041)
	at org.apache.catalina.startup.HostConfig.deployDirectories(HostConfig.java:964)
	at org.apache.catalina.startup.HostConfig.deployApps(HostConfig.java:502)
	at org.apache.catalina.startup.HostConfig.start(HostConfig.java:1277)
	at org.apache.catalina.startup.HostConfig.lifecycleEvent(HostConfig.java:321)
	at org.apache.catalina.util.LifecycleSupport.fireLifecycleEvent(LifecycleSupport.java:119)
	at org.apache.catalina.core.ContainerBase.start(ContainerBase.java:1053)
	at org.apache.catalina.core.StandardHost.start(StandardHost.java:785)
	at org.apache.catalina.core.ContainerBase.start(ContainerBase.java:1045)
	at org.apache.catalina.core.StandardEngine.start(StandardEngine.java:445)
	at org.apache.catalina.core.StandardService.start(StandardService.java:519)
	at org.apache.catalina.core.StandardServer.start(StandardServer.java:710)
	at org.apache.catalina.startup.Catalina.start(Catalina.java:581)
	at sun.reflect.NativeMethodAccessorImpl.invoke0(Native Method)
	at sun.reflect.NativeMethodAccessorImpl.invoke(NativeMethodAccessorImpl.java:39)
	at sun.reflect.DelegatingMethodAccessorImpl.invoke(DelegatingMethodAccessorImpl.java:25)
	at java.lang.reflect.Method.invoke(Method.java:597)
	at org.apache.catalina.startup.Bootstrap.start(Bootstrap.java:289)
	at org.apache.catalina.startup.Bootstrap.main(Bootstrap.java:414)
Feb 28, 2011 11:39:51 PM org.apache.catalina.core.StandardWrapperValve invoke
SEVERE: Allocate exception for servlet Scetris
de.fu.weave.TemplateManagerException: File does not exist: "courses/courses.xsl" (baseDir is "/Users/julianfleischer/Projects/score/trunk/tomcat/webapps/ROOT/xsl")
	at de.fu.weave.TemplateManager.loadTemplate(Unknown Source)
	at de.fu.weave.impl.frigg.FriggWeavlet.loadModule(Unknown Source)
	at de.fu.weave.impl.frigg.FriggWeavlet.loadModules(Unknown Source)
	at de.fu.weave.impl.frigg.FriggWeavlet.init(Unknown Source)
	at org.apache.catalina.core.StandardWrapper.loadServlet(StandardWrapper.java:1173)
	at org.apache.catalina.core.StandardWrapper.allocate(StandardWrapper.java:809)
	at org.apache.catalina.core.StandardWrapperValve.invoke(StandardWrapperValve.java:129)
	at org.apache.catalina.core.StandardContextValve.invoke(StandardContextValve.java:191)
	at org.apache.catalina.core.StandardHostValve.invoke(StandardHostValve.java:127)
	at org.apache.catalina.valves.ErrorReportValve.invoke(ErrorReportValve.java:102)
	at org.apache.catalina.core.StandardEngineValve.invoke(StandardEngineValve.java:109)
	at org.apache.catalina.connector.CoyoteAdapter.service(CoyoteAdapter.java:298)
	at org.apache.coyote.http11.Http11Processor.process(Http11Processor.java:857)
	at org.apache.coyote.http11.Http11Protocol$Http11ConnectionHandler.process(Http11Protocol.java:588)
	at org.apache.tomcat.util.net.JIoEndpoint$Worker.run(JIoEndpoint.java:489)
	at java.lang.Thread.run(Thread.java:680)
